{"/Users/brodrigu/Code/bestoke-frontend-application/src/client.js": {"path":"/Users/brodrigu/Code/bestoke-frontend-application/src/client.js","statementMap":{"0":{"start":{"line":14,"column":17},"end":{"line":22,"column":1}},"1":{"start":{"line":15,"column":25},"end":{"line":15,"column":53}},"2":{"start":{"line":17,"column":4},"end":{"line":17,"column":67}},"3":{"start":{"line":17,"column":47},"end":{"line":17,"column":67}},"4":{"start":{"line":19,"column":28},"end":{"line":19,"column":103}},"5":{"start":{"line":19,"column":64},"end":{"line":19,"column":92}},"6":{"start":{"line":21,"column":4},"end":{"line":21,"column":48}},"7":{"start":{"line":32,"column":23},"end":{"line":65,"column":2}},"8":{"start":{"line":32,"column":34},"end":{"line":65,"column":2}},"9":{"start":{"line":33,"column":4},"end":{"line":33,"column":52}},"10":{"start":{"line":34,"column":4},"end":{"line":34,"column":26}},"11":{"start":{"line":35,"column":4},"end":{"line":35,"column":32}},"12":{"start":{"line":36,"column":4},"end":{"line":36,"column":61}},"13":{"start":{"line":37,"column":4},"end":{"line":41,"column":5}},"14":{"start":{"line":38,"column":8},"end":{"line":40,"column":10}},"15":{"start":{"line":44,"column":22},"end":{"line":44,"column":36}},"16":{"start":{"line":46,"column":4},"end":{"line":48,"column":5}},"17":{"start":{"line":47,"column":8},"end":{"line":47,"column":62}},"18":{"start":{"line":50,"column":4},"end":{"line":64,"column":7}},"19":{"start":{"line":51,"column":8},"end":{"line":61,"column":9}},"20":{"start":{"line":53,"column":12},"end":{"line":56,"column":13}},"21":{"start":{"line":55,"column":16},"end":{"line":55,"column":50}},"22":{"start":{"line":58,"column":12},"end":{"line":58,"column":29}},"23":{"start":{"line":60,"column":12},"end":{"line":60,"column":30}},"24":{"start":{"line":63,"column":8},"end":{"line":63,"column":22}},"25":{"start":{"line":74,"column":28},"end":{"line":80,"column":5}},"26":{"start":{"line":81,"column":4},"end":{"line":81,"column":77}},"27":{"start":{"line":81,"column":60},"end":{"line":81,"column":75}},"28":{"start":{"line":91,"column":28},"end":{"line":95,"column":5}},"29":{"start":{"line":96,"column":4},"end":{"line":96,"column":77}},"30":{"start":{"line":96,"column":60},"end":{"line":96,"column":75}},"31":{"start":{"line":105,"column":28},"end":{"line":108,"column":5}},"32":{"start":{"line":109,"column":4},"end":{"line":109,"column":77}},"33":{"start":{"line":109,"column":60},"end":{"line":109,"column":75}},"34":{"start":{"line":118,"column":28},"end":{"line":122,"column":5}},"35":{"start":{"line":123,"column":4},"end":{"line":123,"column":77}},"36":{"start":{"line":123,"column":60},"end":{"line":123,"column":75}},"37":{"start":{"line":133,"column":28},"end":{"line":137,"column":5}},"38":{"start":{"line":138,"column":4},"end":{"line":138,"column":77}},"39":{"start":{"line":138,"column":60},"end":{"line":138,"column":75}},"40":{"start":{"line":145,"column":28},"end":{"line":148,"column":5}},"41":{"start":{"line":149,"column":4},"end":{"line":149,"column":43}},"42":{"start":{"line":158,"column":4},"end":{"line":161,"column":18}},"43":{"start":{"line":162,"column":4},"end":{"line":162,"column":16}},"44":{"start":{"line":171,"column":28},"end":{"line":175,"column":5}},"45":{"start":{"line":176,"column":4},"end":{"line":176,"column":77}},"46":{"start":{"line":176,"column":60},"end":{"line":176,"column":75}},"47":{"start":{"line":180,"column":28},"end":{"line":188,"column":5}},"48":{"start":{"line":189,"column":4},"end":{"line":189,"column":77}},"49":{"start":{"line":189,"column":60},"end":{"line":189,"column":75}},"50":{"start":{"line":193,"column":28},"end":{"line":197,"column":5}},"51":{"start":{"line":198,"column":4},"end":{"line":198,"column":77}},"52":{"start":{"line":198,"column":60},"end":{"line":198,"column":75}},"53":{"start":{"line":202,"column":28},"end":{"line":205,"column":5}},"54":{"start":{"line":206,"column":4},"end":{"line":206,"column":77}},"55":{"start":{"line":206,"column":60},"end":{"line":206,"column":75}},"56":{"start":{"line":215,"column":28},"end":{"line":218,"column":5}},"57":{"start":{"line":219,"column":4},"end":{"line":219,"column":77}},"58":{"start":{"line":219,"column":60},"end":{"line":219,"column":75}},"59":{"start":{"line":229,"column":28},"end":{"line":233,"column":5}},"60":{"start":{"line":234,"column":4},"end":{"line":234,"column":77}},"61":{"start":{"line":234,"column":60},"end":{"line":234,"column":75}},"62":{"start":{"line":243,"column":28},"end":{"line":246,"column":5}},"63":{"start":{"line":247,"column":4},"end":{"line":247,"column":77}},"64":{"start":{"line":247,"column":60},"end":{"line":247,"column":75}},"65":{"start":{"line":256,"column":28},"end":{"line":260,"column":5}},"66":{"start":{"line":261,"column":4},"end":{"line":261,"column":77}},"67":{"start":{"line":261,"column":60},"end":{"line":261,"column":75}},"68":{"start":{"line":270,"column":28},"end":{"line":274,"column":5}},"69":{"start":{"line":275,"column":4},"end":{"line":275,"column":77}},"70":{"start":{"line":275,"column":60},"end":{"line":275,"column":75}},"71":{"start":{"line":284,"column":28},"end":{"line":287,"column":5}},"72":{"start":{"line":288,"column":4},"end":{"line":288,"column":77}},"73":{"start":{"line":288,"column":60},"end":{"line":288,"column":75}},"74":{"start":{"line":297,"column":28},"end":{"line":301,"column":5}},"75":{"start":{"line":302,"column":4},"end":{"line":302,"column":77}},"76":{"start":{"line":302,"column":60},"end":{"line":302,"column":75}},"77":{"start":{"line":311,"column":28},"end":{"line":314,"column":5}},"78":{"start":{"line":315,"column":4},"end":{"line":315,"column":77}},"79":{"start":{"line":315,"column":60},"end":{"line":315,"column":75}},"80":{"start":{"line":324,"column":28},"end":{"line":328,"column":5}},"81":{"start":{"line":329,"column":4},"end":{"line":329,"column":77}},"82":{"start":{"line":329,"column":60},"end":{"line":329,"column":75}},"83":{"start":{"line":338,"column":28},"end":{"line":341,"column":5}},"84":{"start":{"line":342,"column":4},"end":{"line":342,"column":77}},"85":{"start":{"line":342,"column":60},"end":{"line":342,"column":75}},"86":{"start":{"line":351,"column":28},"end":{"line":354,"column":5}},"87":{"start":{"line":355,"column":4},"end":{"line":355,"column":77}},"88":{"start":{"line":355,"column":60},"end":{"line":355,"column":75}},"89":{"start":{"line":364,"column":28},"end":{"line":368,"column":5}},"90":{"start":{"line":369,"column":4},"end":{"line":369,"column":77}},"91":{"start":{"line":369,"column":60},"end":{"line":369,"column":75}},"92":{"start":{"line":378,"column":28},"end":{"line":381,"column":5}},"93":{"start":{"line":382,"column":4},"end":{"line":382,"column":77}},"94":{"start":{"line":382,"column":60},"end":{"line":382,"column":75}},"95":{"start":{"line":391,"column":28},"end":{"line":394,"column":5}},"96":{"start":{"line":395,"column":4},"end":{"line":395,"column":77}},"97":{"start":{"line":395,"column":60},"end":{"line":395,"column":75}},"98":{"start":{"line":404,"column":28},"end":{"line":407,"column":5}},"99":{"start":{"line":408,"column":4},"end":{"line":408,"column":77}},"100":{"start":{"line":408,"column":60},"end":{"line":408,"column":75}},"101":{"start":{"line":417,"column":28},"end":{"line":420,"column":5}},"102":{"start":{"line":421,"column":4},"end":{"line":421,"column":77}},"103":{"start":{"line":421,"column":60},"end":{"line":421,"column":75}},"104":{"start":{"line":430,"column":28},"end":{"line":433,"column":5}},"105":{"start":{"line":434,"column":4},"end":{"line":434,"column":77}},"106":{"start":{"line":434,"column":60},"end":{"line":434,"column":75}},"107":{"start":{"line":443,"column":28},"end":{"line":446,"column":5}},"108":{"start":{"line":447,"column":4},"end":{"line":447,"column":77}},"109":{"start":{"line":447,"column":60},"end":{"line":447,"column":75}},"110":{"start":{"line":454,"column":28},"end":{"line":457,"column":5}},"111":{"start":{"line":458,"column":4},"end":{"line":458,"column":43}},"112":{"start":{"line":467,"column":28},"end":{"line":471,"column":5}},"113":{"start":{"line":472,"column":4},"end":{"line":472,"column":77}},"114":{"start":{"line":472,"column":60},"end":{"line":472,"column":75}},"115":{"start":{"line":481,"column":28},"end":{"line":487,"column":5}},"116":{"start":{"line":488,"column":4},"end":{"line":488,"column":77}},"117":{"start":{"line":488,"column":60},"end":{"line":488,"column":75}},"118":{"start":{"line":497,"column":28},"end":{"line":500,"column":5}},"119":{"start":{"line":501,"column":4},"end":{"line":501,"column":77}},"120":{"start":{"line":501,"column":60},"end":{"line":501,"column":75}},"121":{"start":{"line":510,"column":28},"end":{"line":513,"column":5}},"122":{"start":{"line":514,"column":4},"end":{"line":514,"column":77}},"123":{"start":{"line":514,"column":60},"end":{"line":514,"column":75}},"124":{"start":{"line":523,"column":28},"end":{"line":526,"column":5}},"125":{"start":{"line":527,"column":4},"end":{"line":527,"column":77}},"126":{"start":{"line":527,"column":60},"end":{"line":527,"column":75}},"127":{"start":{"line":536,"column":28},"end":{"line":540,"column":5}},"128":{"start":{"line":541,"column":4},"end":{"line":541,"column":77}},"129":{"start":{"line":541,"column":60},"end":{"line":541,"column":75}},"130":{"start":{"line":551,"column":28},"end":{"line":555,"column":5}},"131":{"start":{"line":556,"column":4},"end":{"line":556,"column":77}},"132":{"start":{"line":556,"column":60},"end":{"line":556,"column":75}},"133":{"start":{"line":563,"column":28},"end":{"line":566,"column":5}},"134":{"start":{"line":567,"column":4},"end":{"line":567,"column":43}},"135":{"start":{"line":576,"column":28},"end":{"line":579,"column":5}},"136":{"start":{"line":580,"column":4},"end":{"line":580,"column":77}},"137":{"start":{"line":580,"column":60},"end":{"line":580,"column":75}},"138":{"start":{"line":589,"column":28},"end":{"line":592,"column":5}},"139":{"start":{"line":593,"column":4},"end":{"line":593,"column":77}},"140":{"start":{"line":593,"column":60},"end":{"line":593,"column":75}},"141":{"start":{"line":602,"column":28},"end":{"line":606,"column":5}},"142":{"start":{"line":607,"column":4},"end":{"line":607,"column":77}},"143":{"start":{"line":607,"column":60},"end":{"line":607,"column":75}},"144":{"start":{"line":617,"column":28},"end":{"line":621,"column":5}},"145":{"start":{"line":622,"column":4},"end":{"line":622,"column":77}},"146":{"start":{"line":622,"column":60},"end":{"line":622,"column":75}},"147":{"start":{"line":629,"column":28},"end":{"line":632,"column":5}},"148":{"start":{"line":633,"column":4},"end":{"line":633,"column":43}},"149":{"start":{"line":642,"column":28},"end":{"line":645,"column":5}},"150":{"start":{"line":646,"column":4},"end":{"line":646,"column":77}},"151":{"start":{"line":646,"column":60},"end":{"line":646,"column":75}},"152":{"start":{"line":655,"column":28},"end":{"line":658,"column":5}},"153":{"start":{"line":659,"column":4},"end":{"line":659,"column":77}},"154":{"start":{"line":659,"column":60},"end":{"line":659,"column":75}},"155":{"start":{"line":669,"column":28},"end":{"line":673,"column":5}},"156":{"start":{"line":674,"column":4},"end":{"line":674,"column":77}},"157":{"start":{"line":674,"column":60},"end":{"line":674,"column":75}},"158":{"start":{"line":683,"column":28},"end":{"line":687,"column":5}},"159":{"start":{"line":688,"column":4},"end":{"line":688,"column":77}},"160":{"start":{"line":688,"column":60},"end":{"line":688,"column":75}},"161":{"start":{"line":695,"column":28},"end":{"line":698,"column":5}},"162":{"start":{"line":699,"column":4},"end":{"line":699,"column":43}},"163":{"start":{"line":708,"column":28},"end":{"line":711,"column":5}},"164":{"start":{"line":712,"column":4},"end":{"line":712,"column":77}},"165":{"start":{"line":712,"column":60},"end":{"line":712,"column":75}},"166":{"start":{"line":721,"column":28},"end":{"line":724,"column":5}},"167":{"start":{"line":725,"column":4},"end":{"line":725,"column":77}},"168":{"start":{"line":725,"column":60},"end":{"line":725,"column":75}},"169":{"start":{"line":735,"column":28},"end":{"line":739,"column":5}},"170":{"start":{"line":740,"column":4},"end":{"line":740,"column":77}},"171":{"start":{"line":740,"column":60},"end":{"line":740,"column":75}},"172":{"start":{"line":750,"column":28},"end":{"line":754,"column":5}},"173":{"start":{"line":755,"column":4},"end":{"line":755,"column":77}},"174":{"start":{"line":755,"column":60},"end":{"line":755,"column":75}},"175":{"start":{"line":762,"column":28},"end":{"line":765,"column":5}},"176":{"start":{"line":766,"column":4},"end":{"line":766,"column":43}},"177":{"start":{"line":775,"column":28},"end":{"line":778,"column":5}},"178":{"start":{"line":779,"column":4},"end":{"line":779,"column":77}},"179":{"start":{"line":779,"column":60},"end":{"line":779,"column":75}},"180":{"start":{"line":788,"column":28},"end":{"line":791,"column":5}},"181":{"start":{"line":792,"column":4},"end":{"line":792,"column":77}},"182":{"start":{"line":792,"column":60},"end":{"line":792,"column":75}},"183":{"start":{"line":801,"column":28},"end":{"line":805,"column":5}},"184":{"start":{"line":806,"column":4},"end":{"line":806,"column":77}},"185":{"start":{"line":806,"column":60},"end":{"line":806,"column":75}},"186":{"start":{"line":816,"column":28},"end":{"line":820,"column":5}},"187":{"start":{"line":821,"column":4},"end":{"line":821,"column":77}},"188":{"start":{"line":821,"column":60},"end":{"line":821,"column":75}},"189":{"start":{"line":828,"column":28},"end":{"line":831,"column":5}},"190":{"start":{"line":832,"column":4},"end":{"line":832,"column":43}},"191":{"start":{"line":842,"column":28},"end":{"line":846,"column":5}},"192":{"start":{"line":847,"column":4},"end":{"line":847,"column":77}},"193":{"start":{"line":847,"column":60},"end":{"line":847,"column":75}},"194":{"start":{"line":851,"column":28},"end":{"line":858,"column":5}},"195":{"start":{"line":859,"column":4},"end":{"line":859,"column":77}},"196":{"start":{"line":859,"column":60},"end":{"line":859,"column":75}},"197":{"start":{"line":870,"column":24},"end":{"line":877,"column":29}},"198":{"start":{"line":872,"column":23},"end":{"line":872,"column":37}},"199":{"start":{"line":874,"column":8},"end":{"line":874,"column":27}},"200":{"start":{"line":876,"column":8},"end":{"line":876,"column":22}},"201":{"start":{"line":879,"column":28},"end":{"line":883,"column":5}},"202":{"start":{"line":884,"column":4},"end":{"line":884,"column":77}},"203":{"start":{"line":884,"column":60},"end":{"line":884,"column":75}},"204":{"start":{"line":893,"column":28},"end":{"line":897,"column":5}},"205":{"start":{"line":898,"column":4},"end":{"line":898,"column":77}},"206":{"start":{"line":898,"column":60},"end":{"line":898,"column":75}},"207":{"start":{"line":908,"column":28},"end":{"line":912,"column":5}},"208":{"start":{"line":913,"column":4},"end":{"line":913,"column":77}},"209":{"start":{"line":913,"column":60},"end":{"line":913,"column":75}},"210":{"start":{"line":920,"column":28},"end":{"line":923,"column":5}},"211":{"start":{"line":924,"column":4},"end":{"line":924,"column":43}},"212":{"start":{"line":933,"column":28},"end":{"line":936,"column":5}},"213":{"start":{"line":937,"column":4},"end":{"line":937,"column":77}},"214":{"start":{"line":937,"column":60},"end":{"line":937,"column":75}},"215":{"start":{"line":946,"column":28},"end":{"line":950,"column":5}},"216":{"start":{"line":951,"column":4},"end":{"line":951,"column":77}},"217":{"start":{"line":951,"column":60},"end":{"line":951,"column":75}},"218":{"start":{"line":961,"column":28},"end":{"line":965,"column":5}},"219":{"start":{"line":966,"column":4},"end":{"line":966,"column":77}},"220":{"start":{"line":966,"column":60},"end":{"line":966,"column":75}},"221":{"start":{"line":973,"column":28},"end":{"line":976,"column":5}},"222":{"start":{"line":977,"column":4},"end":{"line":977,"column":43}},"223":{"start":{"line":986,"column":28},"end":{"line":993,"column":5}},"224":{"start":{"line":994,"column":4},"end":{"line":994,"column":77}},"225":{"start":{"line":994,"column":60},"end":{"line":994,"column":75}},"226":{"start":{"line":1003,"column":28},"end":{"line":1007,"column":5}},"227":{"start":{"line":1008,"column":4},"end":{"line":1008,"column":77}},"228":{"start":{"line":1008,"column":60},"end":{"line":1008,"column":75}},"229":{"start":{"line":1018,"column":28},"end":{"line":1022,"column":5}},"230":{"start":{"line":1023,"column":4},"end":{"line":1023,"column":77}},"231":{"start":{"line":1023,"column":60},"end":{"line":1023,"column":75}},"232":{"start":{"line":1030,"column":28},"end":{"line":1033,"column":5}},"233":{"start":{"line":1034,"column":4},"end":{"line":1034,"column":43}},"234":{"start":{"line":1042,"column":28},"end":{"line":1045,"column":5}},"235":{"start":{"line":1046,"column":4},"end":{"line":1046,"column":77}},"236":{"start":{"line":1046,"column":60},"end":{"line":1046,"column":75}},"237":{"start":{"line":1056,"column":28},"end":{"line":1059,"column":5}},"238":{"start":{"line":1060,"column":4},"end":{"line":1060,"column":77}},"239":{"start":{"line":1060,"column":60},"end":{"line":1060,"column":75}},"240":{"start":{"line":1064,"column":28},"end":{"line":1068,"column":5}},"241":{"start":{"line":1069,"column":4},"end":{"line":1069,"column":77}},"242":{"start":{"line":1069,"column":60},"end":{"line":1069,"column":75}},"243":{"start":{"line":1073,"column":28},"end":{"line":1076,"column":5}},"244":{"start":{"line":1077,"column":4},"end":{"line":1077,"column":77}},"245":{"start":{"line":1077,"column":60},"end":{"line":1077,"column":75}},"246":{"start":{"line":1087,"column":28},"end":{"line":1090,"column":5}},"247":{"start":{"line":1091,"column":4},"end":{"line":1091,"column":77}},"248":{"start":{"line":1091,"column":60},"end":{"line":1091,"column":75}},"249":{"start":{"line":1101,"column":28},"end":{"line":1104,"column":5}},"250":{"start":{"line":1105,"column":4},"end":{"line":1105,"column":77}},"251":{"start":{"line":1105,"column":60},"end":{"line":1105,"column":75}},"252":{"start":{"line":1115,"column":28},"end":{"line":1119,"column":5}},"253":{"start":{"line":1120,"column":4},"end":{"line":1120,"column":77}},"254":{"start":{"line":1120,"column":60},"end":{"line":1120,"column":75}},"255":{"start":{"line":1130,"column":28},"end":{"line":1133,"column":5}},"256":{"start":{"line":1134,"column":4},"end":{"line":1134,"column":77}},"257":{"start":{"line":1134,"column":60},"end":{"line":1134,"column":75}},"258":{"start":{"line":1144,"column":28},"end":{"line":1147,"column":5}},"259":{"start":{"line":1148,"column":4},"end":{"line":1148,"column":77}},"260":{"start":{"line":1148,"column":60},"end":{"line":1148,"column":75}},"261":{"start":{"line":1157,"column":28},"end":{"line":1160,"column":5}},"262":{"start":{"line":1161,"column":4},"end":{"line":1161,"column":62}},"263":{"start":{"line":1161,"column":55},"end":{"line":1161,"column":59}},"264":{"start":{"line":1170,"column":28},"end":{"line":1173,"column":5}},"265":{"start":{"line":1174,"column":4},"end":{"line":1174,"column":62}},"266":{"start":{"line":1174,"column":55},"end":{"line":1174,"column":59}},"267":{"start":{"line":1184,"column":28},"end":{"line":1187,"column":5}},"268":{"start":{"line":1188,"column":4},"end":{"line":1188,"column":77}},"269":{"start":{"line":1188,"column":60},"end":{"line":1188,"column":75}},"270":{"start":{"line":1198,"column":28},"end":{"line":1202,"column":5}},"271":{"start":{"line":1203,"column":4},"end":{"line":1203,"column":77}},"272":{"start":{"line":1203,"column":60},"end":{"line":1203,"column":75}},"273":{"start":{"line":1213,"column":28},"end":{"line":1216,"column":5}},"274":{"start":{"line":1217,"column":4},"end":{"line":1217,"column":77}},"275":{"start":{"line":1217,"column":60},"end":{"line":1217,"column":75}},"276":{"start":{"line":1227,"column":28},"end":{"line":1230,"column":5}},"277":{"start":{"line":1231,"column":4},"end":{"line":1231,"column":77}},"278":{"start":{"line":1231,"column":60},"end":{"line":1231,"column":75}}},"fnMap":{"0":{"name":"(anonymous_0)","decl":{"start":{"line":14,"column":17},"end":{"line":14,"column":18}},"loc":{"start":{"line":14,"column":41},"end":{"line":22,"column":1}},"line":14},"1":{"name":"(anonymous_1)","decl":{"start":{"line":19,"column":57},"end":{"line":19,"column":58}},"loc":{"start":{"line":19,"column":64},"end":{"line":19,"column":92}},"line":19},"2":{"name":"(anonymous_2)","decl":{"start":{"line":32,"column":23},"end":{"line":32,"column":24}},"loc":{"start":{"line":32,"column":34},"end":{"line":65,"column":2}},"line":32},"3":{"name":"(anonymous_3)","decl":{"start":{"line":32,"column":46},"end":{"line":32,"column":47}},"loc":{"start":{"line":32,"column":67},"end":{"line":65,"column":1}},"line":32},"4":{"name":"(anonymous_4)","decl":{"start":{"line":50,"column":37},"end":{"line":50,"column":38}},"loc":{"start":{"line":50,"column":51},"end":{"line":62,"column":5}},"line":50},"5":{"name":"(anonymous_5)","decl":{"start":{"line":62,"column":13},"end":{"line":62,"column":14}},"loc":{"start":{"line":62,"column":24},"end":{"line":64,"column":5}},"line":62},"6":{"name":"uploadImage","decl":{"start":{"line":73,"column":16},"end":{"line":73,"column":27}},"loc":{"start":{"line":73,"column":44},"end":{"line":82,"column":1}},"line":73},"7":{"name":"(anonymous_7)","decl":{"start":{"line":81,"column":48},"end":{"line":81,"column":49}},"loc":{"start":{"line":81,"column":60},"end":{"line":81,"column":75}},"line":81},"8":{"name":"getInfluencerScheduleList","decl":{"start":{"line":90,"column":16},"end":{"line":90,"column":41}},"loc":{"start":{"line":90,"column":55},"end":{"line":97,"column":1}},"line":90},"9":{"name":"(anonymous_9)","decl":{"start":{"line":96,"column":48},"end":{"line":96,"column":49}},"loc":{"start":{"line":96,"column":60},"end":{"line":96,"column":75}},"line":96},"10":{"name":"getInfluencerScheduleData","decl":{"start":{"line":104,"column":16},"end":{"line":104,"column":41}},"loc":{"start":{"line":104,"column":46},"end":{"line":110,"column":1}},"line":104},"11":{"name":"(anonymous_11)","decl":{"start":{"line":109,"column":48},"end":{"line":109,"column":49}},"loc":{"start":{"line":109,"column":60},"end":{"line":109,"column":75}},"line":109},"12":{"name":"saveInfluencerScheduleData","decl":{"start":{"line":117,"column":16},"end":{"line":117,"column":42}},"loc":{"start":{"line":117,"column":52},"end":{"line":124,"column":1}},"line":117},"13":{"name":"(anonymous_13)","decl":{"start":{"line":123,"column":48},"end":{"line":123,"column":49}},"loc":{"start":{"line":123,"column":60},"end":{"line":123,"column":75}},"line":123},"14":{"name":"updateInfluencerScheduleData","decl":{"start":{"line":132,"column":16},"end":{"line":132,"column":44}},"loc":{"start":{"line":132,"column":54},"end":{"line":139,"column":1}},"line":132},"15":{"name":"(anonymous_15)","decl":{"start":{"line":138,"column":48},"end":{"line":138,"column":49}},"loc":{"start":{"line":138,"column":60},"end":{"line":138,"column":75}},"line":138},"16":{"name":"removeInfluencerScheduleData","decl":{"start":{"line":144,"column":16},"end":{"line":144,"column":44}},"loc":{"start":{"line":144,"column":49},"end":{"line":150,"column":1}},"line":144},"17":{"name":"saveTrackedData","decl":{"start":{"line":157,"column":16},"end":{"line":157,"column":31}},"loc":{"start":{"line":157,"column":40},"end":{"line":163,"column":1}},"line":157},"18":{"name":"getOfferingList","decl":{"start":{"line":170,"column":16},"end":{"line":170,"column":31}},"loc":{"start":{"line":170,"column":45},"end":{"line":177,"column":1}},"line":170},"19":{"name":"(anonymous_19)","decl":{"start":{"line":176,"column":48},"end":{"line":176,"column":49}},"loc":{"start":{"line":176,"column":60},"end":{"line":176,"column":75}},"line":176},"20":{"name":"getOfferingSlots","decl":{"start":{"line":179,"column":16},"end":{"line":179,"column":32}},"loc":{"start":{"line":179,"column":65},"end":{"line":190,"column":1}},"line":179},"21":{"name":"(anonymous_21)","decl":{"start":{"line":189,"column":48},"end":{"line":189,"column":49}},"loc":{"start":{"line":189,"column":60},"end":{"line":189,"column":75}},"line":189},"22":{"name":"requestBooking","decl":{"start":{"line":192,"column":16},"end":{"line":192,"column":30}},"loc":{"start":{"line":192,"column":37},"end":{"line":199,"column":1}},"line":192},"23":{"name":"(anonymous_23)","decl":{"start":{"line":198,"column":48},"end":{"line":198,"column":49}},"loc":{"start":{"line":198,"column":60},"end":{"line":198,"column":75}},"line":198},"24":{"name":"confirmBooking","decl":{"start":{"line":201,"column":16},"end":{"line":201,"column":30}},"loc":{"start":{"line":201,"column":35},"end":{"line":207,"column":1}},"line":201},"25":{"name":"(anonymous_25)","decl":{"start":{"line":206,"column":48},"end":{"line":206,"column":49}},"loc":{"start":{"line":206,"column":60},"end":{"line":206,"column":75}},"line":206},"26":{"name":"getOfferingDiscovery","decl":{"start":{"line":214,"column":16},"end":{"line":214,"column":36}},"loc":{"start":{"line":214,"column":39},"end":{"line":220,"column":1}},"line":214},"27":{"name":"(anonymous_27)","decl":{"start":{"line":219,"column":48},"end":{"line":219,"column":49}},"loc":{"start":{"line":219,"column":60},"end":{"line":219,"column":75}},"line":219},"28":{"name":"getOfferingPredefinedList","decl":{"start":{"line":228,"column":16},"end":{"line":228,"column":41}},"loc":{"start":{"line":228,"column":55},"end":{"line":235,"column":1}},"line":228},"29":{"name":"(anonymous_29)","decl":{"start":{"line":234,"column":48},"end":{"line":234,"column":49}},"loc":{"start":{"line":234,"column":60},"end":{"line":234,"column":75}},"line":234},"30":{"name":"getOfferingData","decl":{"start":{"line":242,"column":16},"end":{"line":242,"column":31}},"loc":{"start":{"line":242,"column":36},"end":{"line":248,"column":1}},"line":242},"31":{"name":"(anonymous_31)","decl":{"start":{"line":247,"column":48},"end":{"line":247,"column":49}},"loc":{"start":{"line":247,"column":60},"end":{"line":247,"column":75}},"line":247},"32":{"name":"saveOfferingData","decl":{"start":{"line":255,"column":16},"end":{"line":255,"column":32}},"loc":{"start":{"line":255,"column":39},"end":{"line":262,"column":1}},"line":255},"33":{"name":"(anonymous_33)","decl":{"start":{"line":261,"column":48},"end":{"line":261,"column":49}},"loc":{"start":{"line":261,"column":60},"end":{"line":261,"column":75}},"line":261},"34":{"name":"updateOfferingData","decl":{"start":{"line":269,"column":16},"end":{"line":269,"column":34}},"loc":{"start":{"line":269,"column":41},"end":{"line":276,"column":1}},"line":269},"35":{"name":"(anonymous_35)","decl":{"start":{"line":275,"column":48},"end":{"line":275,"column":49}},"loc":{"start":{"line":275,"column":60},"end":{"line":275,"column":75}},"line":275},"36":{"name":"removeOfferingData","decl":{"start":{"line":283,"column":16},"end":{"line":283,"column":34}},"loc":{"start":{"line":283,"column":39},"end":{"line":289,"column":1}},"line":283},"37":{"name":"(anonymous_37)","decl":{"start":{"line":288,"column":48},"end":{"line":288,"column":49}},"loc":{"start":{"line":288,"column":60},"end":{"line":288,"column":75}},"line":288},"38":{"name":"getInviteCodeList","decl":{"start":{"line":296,"column":16},"end":{"line":296,"column":33}},"loc":{"start":{"line":296,"column":47},"end":{"line":303,"column":1}},"line":296},"39":{"name":"(anonymous_39)","decl":{"start":{"line":302,"column":48},"end":{"line":302,"column":49}},"loc":{"start":{"line":302,"column":60},"end":{"line":302,"column":75}},"line":302},"40":{"name":"getInviteCode","decl":{"start":{"line":310,"column":16},"end":{"line":310,"column":29}},"loc":{"start":{"line":310,"column":34},"end":{"line":316,"column":1}},"line":310},"41":{"name":"(anonymous_41)","decl":{"start":{"line":315,"column":48},"end":{"line":315,"column":49}},"loc":{"start":{"line":315,"column":60},"end":{"line":315,"column":75}},"line":315},"42":{"name":"newInviteCode","decl":{"start":{"line":323,"column":16},"end":{"line":323,"column":29}},"loc":{"start":{"line":323,"column":43},"end":{"line":330,"column":1}},"line":323},"43":{"name":"(anonymous_43)","decl":{"start":{"line":329,"column":48},"end":{"line":329,"column":49}},"loc":{"start":{"line":329,"column":60},"end":{"line":329,"column":75}},"line":329},"44":{"name":"validateInviteCode","decl":{"start":{"line":337,"column":16},"end":{"line":337,"column":34}},"loc":{"start":{"line":337,"column":45},"end":{"line":343,"column":1}},"line":337},"45":{"name":"(anonymous_45)","decl":{"start":{"line":342,"column":48},"end":{"line":342,"column":49}},"loc":{"start":{"line":342,"column":60},"end":{"line":342,"column":75}},"line":342},"46":{"name":"reviewInformationSignup","decl":{"start":{"line":350,"column":16},"end":{"line":350,"column":39}},"loc":{"start":{"line":350,"column":42},"end":{"line":356,"column":1}},"line":350},"47":{"name":"(anonymous_47)","decl":{"start":{"line":355,"column":48},"end":{"line":355,"column":49}},"loc":{"start":{"line":355,"column":60},"end":{"line":355,"column":75}},"line":355},"48":{"name":"updateUserInformation","decl":{"start":{"line":363,"column":16},"end":{"line":363,"column":37}},"loc":{"start":{"line":363,"column":44},"end":{"line":370,"column":1}},"line":363},"49":{"name":"(anonymous_49)","decl":{"start":{"line":369,"column":48},"end":{"line":369,"column":49}},"loc":{"start":{"line":369,"column":60},"end":{"line":369,"column":75}},"line":369},"50":{"name":"getUserContent","decl":{"start":{"line":377,"column":16},"end":{"line":377,"column":30}},"loc":{"start":{"line":377,"column":33},"end":{"line":383,"column":1}},"line":377},"51":{"name":"(anonymous_51)","decl":{"start":{"line":382,"column":48},"end":{"line":382,"column":49}},"loc":{"start":{"line":382,"column":60},"end":{"line":382,"column":75}},"line":382},"52":{"name":"getCreator","decl":{"start":{"line":390,"column":16},"end":{"line":390,"column":26}},"loc":{"start":{"line":390,"column":31},"end":{"line":396,"column":1}},"line":390},"53":{"name":"(anonymous_53)","decl":{"start":{"line":395,"column":48},"end":{"line":395,"column":49}},"loc":{"start":{"line":395,"column":60},"end":{"line":395,"column":75}},"line":395},"54":{"name":"getContent","decl":{"start":{"line":403,"column":16},"end":{"line":403,"column":26}},"loc":{"start":{"line":403,"column":31},"end":{"line":409,"column":1}},"line":403},"55":{"name":"(anonymous_55)","decl":{"start":{"line":408,"column":48},"end":{"line":408,"column":49}},"loc":{"start":{"line":408,"column":60},"end":{"line":408,"column":75}},"line":408},"56":{"name":"getProduct","decl":{"start":{"line":416,"column":16},"end":{"line":416,"column":26}},"loc":{"start":{"line":416,"column":31},"end":{"line":422,"column":1}},"line":416},"57":{"name":"(anonymous_57)","decl":{"start":{"line":421,"column":48},"end":{"line":421,"column":49}},"loc":{"start":{"line":421,"column":60},"end":{"line":421,"column":75}},"line":421},"58":{"name":"searchForKeyword","decl":{"start":{"line":429,"column":16},"end":{"line":429,"column":32}},"loc":{"start":{"line":429,"column":42},"end":{"line":435,"column":1}},"line":429},"59":{"name":"(anonymous_59)","decl":{"start":{"line":434,"column":48},"end":{"line":434,"column":49}},"loc":{"start":{"line":434,"column":60},"end":{"line":434,"column":75}},"line":434},"60":{"name":"getCreatorList","decl":{"start":{"line":442,"column":16},"end":{"line":442,"column":30}},"loc":{"start":{"line":442,"column":54},"end":{"line":448,"column":1}},"line":442},"61":{"name":"(anonymous_61)","decl":{"start":{"line":447,"column":48},"end":{"line":447,"column":49}},"loc":{"start":{"line":447,"column":60},"end":{"line":447,"column":75}},"line":447},"62":{"name":"removeCreatorData","decl":{"start":{"line":453,"column":16},"end":{"line":453,"column":33}},"loc":{"start":{"line":453,"column":38},"end":{"line":459,"column":1}},"line":453},"63":{"name":"updateCreator","decl":{"start":{"line":466,"column":16},"end":{"line":466,"column":29}},"loc":{"start":{"line":466,"column":39},"end":{"line":473,"column":1}},"line":466},"64":{"name":"(anonymous_64)","decl":{"start":{"line":472,"column":48},"end":{"line":472,"column":49}},"loc":{"start":{"line":472,"column":60},"end":{"line":472,"column":75}},"line":472},"65":{"name":"getCreatorContentList","decl":{"start":{"line":480,"column":16},"end":{"line":480,"column":37}},"loc":{"start":{"line":480,"column":42},"end":{"line":489,"column":1}},"line":480},"66":{"name":"(anonymous_66)","decl":{"start":{"line":488,"column":48},"end":{"line":488,"column":49}},"loc":{"start":{"line":488,"column":60},"end":{"line":488,"column":75}},"line":488},"67":{"name":"getCreatorProductList","decl":{"start":{"line":496,"column":16},"end":{"line":496,"column":37}},"loc":{"start":{"line":496,"column":42},"end":{"line":502,"column":1}},"line":496},"68":{"name":"(anonymous_68)","decl":{"start":{"line":501,"column":48},"end":{"line":501,"column":49}},"loc":{"start":{"line":501,"column":60},"end":{"line":501,"column":75}},"line":501},"69":{"name":"getHairColorList","decl":{"start":{"line":509,"column":16},"end":{"line":509,"column":32}},"loc":{"start":{"line":509,"column":35},"end":{"line":515,"column":1}},"line":509},"70":{"name":"(anonymous_70)","decl":{"start":{"line":514,"column":48},"end":{"line":514,"column":49}},"loc":{"start":{"line":514,"column":60},"end":{"line":514,"column":75}},"line":514},"71":{"name":"getHairColor","decl":{"start":{"line":522,"column":16},"end":{"line":522,"column":28}},"loc":{"start":{"line":522,"column":33},"end":{"line":528,"column":1}},"line":522},"72":{"name":"(anonymous_72)","decl":{"start":{"line":527,"column":48},"end":{"line":527,"column":49}},"loc":{"start":{"line":527,"column":60},"end":{"line":527,"column":75}},"line":527},"73":{"name":"newHairColorData","decl":{"start":{"line":535,"column":16},"end":{"line":535,"column":32}},"loc":{"start":{"line":535,"column":43},"end":{"line":542,"column":1}},"line":535},"74":{"name":"(anonymous_74)","decl":{"start":{"line":541,"column":48},"end":{"line":541,"column":49}},"loc":{"start":{"line":541,"column":60},"end":{"line":541,"column":75}},"line":541},"75":{"name":"updateHairColorData","decl":{"start":{"line":550,"column":16},"end":{"line":550,"column":35}},"loc":{"start":{"line":550,"column":50},"end":{"line":557,"column":1}},"line":550},"76":{"name":"(anonymous_76)","decl":{"start":{"line":556,"column":48},"end":{"line":556,"column":49}},"loc":{"start":{"line":556,"column":60},"end":{"line":556,"column":75}},"line":556},"77":{"name":"removeHairColorData","decl":{"start":{"line":562,"column":16},"end":{"line":562,"column":35}},"loc":{"start":{"line":562,"column":40},"end":{"line":568,"column":1}},"line":562},"78":{"name":"getEyeColorList","decl":{"start":{"line":575,"column":16},"end":{"line":575,"column":31}},"loc":{"start":{"line":575,"column":34},"end":{"line":581,"column":1}},"line":575},"79":{"name":"(anonymous_79)","decl":{"start":{"line":580,"column":48},"end":{"line":580,"column":49}},"loc":{"start":{"line":580,"column":60},"end":{"line":580,"column":75}},"line":580},"80":{"name":"getEyeColor","decl":{"start":{"line":588,"column":16},"end":{"line":588,"column":27}},"loc":{"start":{"line":588,"column":32},"end":{"line":594,"column":1}},"line":588},"81":{"name":"(anonymous_81)","decl":{"start":{"line":593,"column":48},"end":{"line":593,"column":49}},"loc":{"start":{"line":593,"column":60},"end":{"line":593,"column":75}},"line":593},"82":{"name":"newEyeColorData","decl":{"start":{"line":601,"column":16},"end":{"line":601,"column":31}},"loc":{"start":{"line":601,"column":42},"end":{"line":608,"column":1}},"line":601},"83":{"name":"(anonymous_83)","decl":{"start":{"line":607,"column":48},"end":{"line":607,"column":49}},"loc":{"start":{"line":607,"column":60},"end":{"line":607,"column":75}},"line":607},"84":{"name":"updateEyeColorData","decl":{"start":{"line":616,"column":16},"end":{"line":616,"column":34}},"loc":{"start":{"line":616,"column":49},"end":{"line":623,"column":1}},"line":616},"85":{"name":"(anonymous_85)","decl":{"start":{"line":622,"column":48},"end":{"line":622,"column":49}},"loc":{"start":{"line":622,"column":60},"end":{"line":622,"column":75}},"line":622},"86":{"name":"removeEyeColorData","decl":{"start":{"line":628,"column":16},"end":{"line":628,"column":34}},"loc":{"start":{"line":628,"column":39},"end":{"line":634,"column":1}},"line":628},"87":{"name":"getHairTypeList","decl":{"start":{"line":641,"column":16},"end":{"line":641,"column":31}},"loc":{"start":{"line":641,"column":34},"end":{"line":647,"column":1}},"line":641},"88":{"name":"(anonymous_88)","decl":{"start":{"line":646,"column":48},"end":{"line":646,"column":49}},"loc":{"start":{"line":646,"column":60},"end":{"line":646,"column":75}},"line":646},"89":{"name":"getHairType","decl":{"start":{"line":654,"column":16},"end":{"line":654,"column":27}},"loc":{"start":{"line":654,"column":32},"end":{"line":660,"column":1}},"line":654},"90":{"name":"(anonymous_90)","decl":{"start":{"line":659,"column":48},"end":{"line":659,"column":49}},"loc":{"start":{"line":659,"column":60},"end":{"line":659,"column":75}},"line":659},"91":{"name":"newHairTypeData","decl":{"start":{"line":668,"column":16},"end":{"line":668,"column":31}},"loc":{"start":{"line":668,"column":42},"end":{"line":675,"column":1}},"line":668},"92":{"name":"(anonymous_92)","decl":{"start":{"line":674,"column":48},"end":{"line":674,"column":49}},"loc":{"start":{"line":674,"column":60},"end":{"line":674,"column":75}},"line":674},"93":{"name":"updateHairTypeData","decl":{"start":{"line":682,"column":16},"end":{"line":682,"column":34}},"loc":{"start":{"line":682,"column":49},"end":{"line":689,"column":1}},"line":682},"94":{"name":"(anonymous_94)","decl":{"start":{"line":688,"column":48},"end":{"line":688,"column":49}},"loc":{"start":{"line":688,"column":60},"end":{"line":688,"column":75}},"line":688},"95":{"name":"removeHairTypeData","decl":{"start":{"line":694,"column":16},"end":{"line":694,"column":34}},"loc":{"start":{"line":694,"column":39},"end":{"line":700,"column":1}},"line":694},"96":{"name":"getSkinTypeList","decl":{"start":{"line":707,"column":16},"end":{"line":707,"column":31}},"loc":{"start":{"line":707,"column":34},"end":{"line":713,"column":1}},"line":707},"97":{"name":"(anonymous_97)","decl":{"start":{"line":712,"column":48},"end":{"line":712,"column":49}},"loc":{"start":{"line":712,"column":60},"end":{"line":712,"column":75}},"line":712},"98":{"name":"getSkinType","decl":{"start":{"line":720,"column":16},"end":{"line":720,"column":27}},"loc":{"start":{"line":720,"column":32},"end":{"line":726,"column":1}},"line":720},"99":{"name":"(anonymous_99)","decl":{"start":{"line":725,"column":48},"end":{"line":725,"column":49}},"loc":{"start":{"line":725,"column":60},"end":{"line":725,"column":75}},"line":725},"100":{"name":"newSkinTypeData","decl":{"start":{"line":734,"column":16},"end":{"line":734,"column":31}},"loc":{"start":{"line":734,"column":42},"end":{"line":741,"column":1}},"line":734},"101":{"name":"(anonymous_101)","decl":{"start":{"line":740,"column":48},"end":{"line":740,"column":49}},"loc":{"start":{"line":740,"column":60},"end":{"line":740,"column":75}},"line":740},"102":{"name":"updateSkinTypeData","decl":{"start":{"line":749,"column":16},"end":{"line":749,"column":34}},"loc":{"start":{"line":749,"column":49},"end":{"line":756,"column":1}},"line":749},"103":{"name":"(anonymous_103)","decl":{"start":{"line":755,"column":48},"end":{"line":755,"column":49}},"loc":{"start":{"line":755,"column":60},"end":{"line":755,"column":75}},"line":755},"104":{"name":"removeSkinTypeData","decl":{"start":{"line":761,"column":16},"end":{"line":761,"column":34}},"loc":{"start":{"line":761,"column":39},"end":{"line":767,"column":1}},"line":761},"105":{"name":"getEthnicityList","decl":{"start":{"line":774,"column":16},"end":{"line":774,"column":32}},"loc":{"start":{"line":774,"column":35},"end":{"line":780,"column":1}},"line":774},"106":{"name":"(anonymous_106)","decl":{"start":{"line":779,"column":48},"end":{"line":779,"column":49}},"loc":{"start":{"line":779,"column":60},"end":{"line":779,"column":75}},"line":779},"107":{"name":"getEthnicity","decl":{"start":{"line":787,"column":16},"end":{"line":787,"column":28}},"loc":{"start":{"line":787,"column":33},"end":{"line":793,"column":1}},"line":787},"108":{"name":"(anonymous_108)","decl":{"start":{"line":792,"column":48},"end":{"line":792,"column":49}},"loc":{"start":{"line":792,"column":60},"end":{"line":792,"column":75}},"line":792},"109":{"name":"newEthnicityData","decl":{"start":{"line":800,"column":16},"end":{"line":800,"column":32}},"loc":{"start":{"line":800,"column":43},"end":{"line":807,"column":1}},"line":800},"110":{"name":"(anonymous_110)","decl":{"start":{"line":806,"column":48},"end":{"line":806,"column":49}},"loc":{"start":{"line":806,"column":60},"end":{"line":806,"column":75}},"line":806},"111":{"name":"updateEthnicityData","decl":{"start":{"line":815,"column":16},"end":{"line":815,"column":35}},"loc":{"start":{"line":815,"column":50},"end":{"line":822,"column":1}},"line":815},"112":{"name":"(anonymous_112)","decl":{"start":{"line":821,"column":48},"end":{"line":821,"column":49}},"loc":{"start":{"line":821,"column":60},"end":{"line":821,"column":75}},"line":821},"113":{"name":"removeEthnicityData","decl":{"start":{"line":827,"column":16},"end":{"line":827,"column":35}},"loc":{"start":{"line":827,"column":40},"end":{"line":833,"column":1}},"line":827},"114":{"name":"newCreator","decl":{"start":{"line":841,"column":16},"end":{"line":841,"column":26}},"loc":{"start":{"line":841,"column":36},"end":{"line":848,"column":1}},"line":841},"115":{"name":"(anonymous_115)","decl":{"start":{"line":847,"column":48},"end":{"line":847,"column":49}},"loc":{"start":{"line":847,"column":60},"end":{"line":847,"column":75}},"line":847},"116":{"name":"newCreatorWithCode","decl":{"start":{"line":850,"column":16},"end":{"line":850,"column":34}},"loc":{"start":{"line":850,"column":50},"end":{"line":860,"column":1}},"line":850},"117":{"name":"(anonymous_117)","decl":{"start":{"line":859,"column":48},"end":{"line":859,"column":49}},"loc":{"start":{"line":859,"column":60},"end":{"line":859,"column":75}},"line":859},"118":{"name":"getContentList","decl":{"start":{"line":867,"column":16},"end":{"line":867,"column":30}},"loc":{"start":{"line":867,"column":64},"end":{"line":885,"column":1}},"line":867},"119":{"name":"(anonymous_119)","decl":{"start":{"line":870,"column":40},"end":{"line":870,"column":41}},"loc":{"start":{"line":870,"column":75},"end":{"line":877,"column":5}},"line":870},"120":{"name":"(anonymous_120)","decl":{"start":{"line":884,"column":48},"end":{"line":884,"column":49}},"loc":{"start":{"line":884,"column":60},"end":{"line":884,"column":75}},"line":884},"121":{"name":"updateContent","decl":{"start":{"line":892,"column":16},"end":{"line":892,"column":29}},"loc":{"start":{"line":892,"column":39},"end":{"line":899,"column":1}},"line":892},"122":{"name":"(anonymous_122)","decl":{"start":{"line":898,"column":48},"end":{"line":898,"column":49}},"loc":{"start":{"line":898,"column":60},"end":{"line":898,"column":75}},"line":898},"123":{"name":"newContent","decl":{"start":{"line":907,"column":16},"end":{"line":907,"column":26}},"loc":{"start":{"line":907,"column":36},"end":{"line":914,"column":1}},"line":907},"124":{"name":"(anonymous_124)","decl":{"start":{"line":913,"column":48},"end":{"line":913,"column":49}},"loc":{"start":{"line":913,"column":60},"end":{"line":913,"column":75}},"line":913},"125":{"name":"removeContentData","decl":{"start":{"line":919,"column":16},"end":{"line":919,"column":33}},"loc":{"start":{"line":919,"column":38},"end":{"line":925,"column":1}},"line":919},"126":{"name":"getProductList","decl":{"start":{"line":932,"column":16},"end":{"line":932,"column":30}},"loc":{"start":{"line":932,"column":54},"end":{"line":938,"column":1}},"line":932},"127":{"name":"(anonymous_127)","decl":{"start":{"line":937,"column":48},"end":{"line":937,"column":49}},"loc":{"start":{"line":937,"column":60},"end":{"line":937,"column":75}},"line":937},"128":{"name":"updateProduct","decl":{"start":{"line":945,"column":16},"end":{"line":945,"column":29}},"loc":{"start":{"line":945,"column":39},"end":{"line":952,"column":1}},"line":945},"129":{"name":"(anonymous_129)","decl":{"start":{"line":951,"column":48},"end":{"line":951,"column":49}},"loc":{"start":{"line":951,"column":60},"end":{"line":951,"column":75}},"line":951},"130":{"name":"newProduct","decl":{"start":{"line":960,"column":16},"end":{"line":960,"column":26}},"loc":{"start":{"line":960,"column":36},"end":{"line":967,"column":1}},"line":960},"131":{"name":"(anonymous_131)","decl":{"start":{"line":966,"column":48},"end":{"line":966,"column":49}},"loc":{"start":{"line":966,"column":60},"end":{"line":966,"column":75}},"line":966},"132":{"name":"removeProductData","decl":{"start":{"line":972,"column":16},"end":{"line":972,"column":33}},"loc":{"start":{"line":972,"column":38},"end":{"line":978,"column":1}},"line":972},"133":{"name":"getBrandList","decl":{"start":{"line":985,"column":16},"end":{"line":985,"column":28}},"loc":{"start":{"line":985,"column":52},"end":{"line":995,"column":1}},"line":985},"134":{"name":"(anonymous_134)","decl":{"start":{"line":994,"column":48},"end":{"line":994,"column":49}},"loc":{"start":{"line":994,"column":60},"end":{"line":994,"column":75}},"line":994},"135":{"name":"updateBrand","decl":{"start":{"line":1002,"column":16},"end":{"line":1002,"column":27}},"loc":{"start":{"line":1002,"column":35},"end":{"line":1009,"column":1}},"line":1002},"136":{"name":"(anonymous_136)","decl":{"start":{"line":1008,"column":48},"end":{"line":1008,"column":49}},"loc":{"start":{"line":1008,"column":60},"end":{"line":1008,"column":75}},"line":1008},"137":{"name":"newBrand","decl":{"start":{"line":1017,"column":16},"end":{"line":1017,"column":24}},"loc":{"start":{"line":1017,"column":45},"end":{"line":1024,"column":1}},"line":1017},"138":{"name":"(anonymous_138)","decl":{"start":{"line":1023,"column":48},"end":{"line":1023,"column":49}},"loc":{"start":{"line":1023,"column":60},"end":{"line":1023,"column":75}},"line":1023},"139":{"name":"removeBrandData","decl":{"start":{"line":1029,"column":16},"end":{"line":1029,"column":31}},"loc":{"start":{"line":1029,"column":36},"end":{"line":1035,"column":1}},"line":1029},"140":{"name":"getBrand","decl":{"start":{"line":1041,"column":16},"end":{"line":1041,"column":24}},"loc":{"start":{"line":1041,"column":29},"end":{"line":1047,"column":1}},"line":1041},"141":{"name":"(anonymous_141)","decl":{"start":{"line":1046,"column":48},"end":{"line":1046,"column":49}},"loc":{"start":{"line":1046,"column":60},"end":{"line":1046,"column":75}},"line":1046},"142":{"name":"findProductVariant","decl":{"start":{"line":1055,"column":16},"end":{"line":1055,"column":34}},"loc":{"start":{"line":1055,"column":44},"end":{"line":1061,"column":1}},"line":1055},"143":{"name":"(anonymous_143)","decl":{"start":{"line":1060,"column":48},"end":{"line":1060,"column":49}},"loc":{"start":{"line":1060,"column":60},"end":{"line":1060,"column":75}},"line":1060},"144":{"name":"updateProductMentions","decl":{"start":{"line":1063,"column":16},"end":{"line":1063,"column":37}},"loc":{"start":{"line":1063,"column":66},"end":{"line":1070,"column":1}},"line":1063},"145":{"name":"(anonymous_145)","decl":{"start":{"line":1069,"column":48},"end":{"line":1069,"column":49}},"loc":{"start":{"line":1069,"column":60},"end":{"line":1069,"column":75}},"line":1069},"146":{"name":"getProductMentionsForContent","decl":{"start":{"line":1072,"column":16},"end":{"line":1072,"column":44}},"loc":{"start":{"line":1072,"column":56},"end":{"line":1078,"column":1}},"line":1072},"147":{"name":"(anonymous_147)","decl":{"start":{"line":1077,"column":48},"end":{"line":1077,"column":49}},"loc":{"start":{"line":1077,"column":60},"end":{"line":1077,"column":75}},"line":1077},"148":{"name":"findBrand","decl":{"start":{"line":1086,"column":16},"end":{"line":1086,"column":25}},"loc":{"start":{"line":1086,"column":35},"end":{"line":1092,"column":1}},"line":1086},"149":{"name":"(anonymous_149)","decl":{"start":{"line":1091,"column":48},"end":{"line":1091,"column":49}},"loc":{"start":{"line":1091,"column":60},"end":{"line":1091,"column":75}},"line":1091},"150":{"name":"findProduct","decl":{"start":{"line":1100,"column":16},"end":{"line":1100,"column":27}},"loc":{"start":{"line":1100,"column":46},"end":{"line":1106,"column":1}},"line":1100},"151":{"name":"(anonymous_151)","decl":{"start":{"line":1105,"column":48},"end":{"line":1105,"column":49}},"loc":{"start":{"line":1105,"column":60},"end":{"line":1105,"column":75}},"line":1105},"152":{"name":"submitMissingProduct","decl":{"start":{"line":1114,"column":16},"end":{"line":1114,"column":36}},"loc":{"start":{"line":1114,"column":43},"end":{"line":1121,"column":1}},"line":1114},"153":{"name":"(anonymous_153)","decl":{"start":{"line":1120,"column":48},"end":{"line":1120,"column":49}},"loc":{"start":{"line":1120,"column":60},"end":{"line":1120,"column":75}},"line":1120},"154":{"name":"fetchYoutubeProfile","decl":{"start":{"line":1129,"column":16},"end":{"line":1129,"column":35}},"loc":{"start":{"line":1129,"column":38},"end":{"line":1135,"column":1}},"line":1129},"155":{"name":"(anonymous_155)","decl":{"start":{"line":1134,"column":48},"end":{"line":1134,"column":49}},"loc":{"start":{"line":1134,"column":60},"end":{"line":1134,"column":75}},"line":1134},"156":{"name":"getPendingBookingList","decl":{"start":{"line":1143,"column":16},"end":{"line":1143,"column":37}},"loc":{"start":{"line":1143,"column":40},"end":{"line":1149,"column":1}},"line":1143},"157":{"name":"(anonymous_157)","decl":{"start":{"line":1148,"column":48},"end":{"line":1148,"column":49}},"loc":{"start":{"line":1148,"column":60},"end":{"line":1148,"column":75}},"line":1148},"158":{"name":"acceptBooking","decl":{"start":{"line":1156,"column":16},"end":{"line":1156,"column":29}},"loc":{"start":{"line":1156,"column":34},"end":{"line":1162,"column":1}},"line":1156},"159":{"name":"(anonymous_159)","decl":{"start":{"line":1161,"column":48},"end":{"line":1161,"column":49}},"loc":{"start":{"line":1161,"column":55},"end":{"line":1161,"column":59}},"line":1161},"160":{"name":"rejectBooking","decl":{"start":{"line":1169,"column":16},"end":{"line":1169,"column":29}},"loc":{"start":{"line":1169,"column":34},"end":{"line":1175,"column":1}},"line":1169},"161":{"name":"(anonymous_161)","decl":{"start":{"line":1174,"column":48},"end":{"line":1174,"column":49}},"loc":{"start":{"line":1174,"column":55},"end":{"line":1174,"column":59}},"line":1174},"162":{"name":"getScheduledBookingList","decl":{"start":{"line":1183,"column":16},"end":{"line":1183,"column":39}},"loc":{"start":{"line":1183,"column":42},"end":{"line":1189,"column":1}},"line":1183},"163":{"name":"(anonymous_163)","decl":{"start":{"line":1188,"column":48},"end":{"line":1188,"column":49}},"loc":{"start":{"line":1188,"column":60},"end":{"line":1188,"column":75}},"line":1188},"164":{"name":"requestInvite","decl":{"start":{"line":1197,"column":16},"end":{"line":1197,"column":29}},"loc":{"start":{"line":1197,"column":36},"end":{"line":1204,"column":1}},"line":1197},"165":{"name":"(anonymous_165)","decl":{"start":{"line":1203,"column":48},"end":{"line":1203,"column":49}},"loc":{"start":{"line":1203,"column":60},"end":{"line":1203,"column":75}},"line":1203},"166":{"name":"getMeeting","decl":{"start":{"line":1212,"column":16},"end":{"line":1212,"column":26}},"loc":{"start":{"line":1212,"column":31},"end":{"line":1218,"column":1}},"line":1212},"167":{"name":"(anonymous_167)","decl":{"start":{"line":1217,"column":48},"end":{"line":1217,"column":49}},"loc":{"start":{"line":1217,"column":60},"end":{"line":1217,"column":75}},"line":1217},"168":{"name":"getPlatformStats","decl":{"start":{"line":1226,"column":16},"end":{"line":1226,"column":32}},"loc":{"start":{"line":1226,"column":35},"end":{"line":1232,"column":1}},"line":1226},"169":{"name":"(anonymous_169)","decl":{"start":{"line":1231,"column":48},"end":{"line":1231,"column":49}},"loc":{"start":{"line":1231,"column":60},"end":{"line":1231,"column":75}},"line":1231}},"branchMap":{"0":{"loc":{"start":{"line":17,"column":4},"end":{"line":17,"column":67}},"type":"if","locations":[{"start":{"line":17,"column":4},"end":{"line":17,"column":67}},{"start":{"line":17,"column":4},"end":{"line":17,"column":67}}],"line":17},"1":{"loc":{"start":{"line":33,"column":26},"end":{"line":33,"column":51}},"type":"binary-expr","locations":[{"start":{"line":33,"column":26},"end":{"line":33,"column":45}},{"start":{"line":33,"column":49},"end":{"line":33,"column":51}}],"line":33},"2":{"loc":{"start":{"line":37,"column":4},"end":{"line":41,"column":5}},"type":"if","locations":[{"start":{"line":37,"column":4},"end":{"line":41,"column":5}},{"start":{"line":37,"column":4},"end":{"line":41,"column":5}}],"line":37},"3":{"loc":{"start":{"line":46,"column":4},"end":{"line":48,"column":5}},"type":"if","locations":[{"start":{"line":46,"column":4},"end":{"line":48,"column":5}},{"start":{"line":46,"column":4},"end":{"line":48,"column":5}}],"line":46},"4":{"loc":{"start":{"line":51,"column":8},"end":{"line":61,"column":9}},"type":"if","locations":[{"start":{"line":51,"column":8},"end":{"line":61,"column":9}},{"start":{"line":51,"column":8},"end":{"line":61,"column":9}}],"line":51},"5":{"loc":{"start":{"line":53,"column":12},"end":{"line":56,"column":13}},"type":"if","locations":[{"start":{"line":53,"column":12},"end":{"line":56,"column":13}},{"start":{"line":53,"column":12},"end":{"line":56,"column":13}}],"line":53}},"s":{"0":18,"1":0,"2":0,"3":0,"4":0,"5":0,"6":0,"7":18,"8":0,"9":0,"10":0,"11":0,"12":0,"13":0,"14":0,"15":0,"16":0,"17":0,"18":0,"19":0,"20":0,"21":0,"22":0,"23":0,"24":0,"25":0,"26":0,"27":0,"28":0,"29":0,"30":0,"31":0,"32":0,"33":0,"34":0,"35":0,"36":0,"37":0,"38":0,"39":0,"40":0,"41":0,"42":0,"43":0,"44":0,"45":0,"46":0,"47":0,"48":0,"49":0,"50":0,"51":0,"52":0,"53":0,"54":0,"55":0,"56":0,"57":0,"58":0,"59":0,"60":0,"61":0,"62":0,"63":0,"64":0,"65":0,"66":0,"67":0,"68":0,"69":0,"70":0,"71":0,"72":0,"73":0,"74":0,"75":0,"76":0,"77":0,"78":0,"79":0,"80":0,"81":0,"82":0,"83":0,"84":0,"85":0,"86":0,"87":0,"88":0,"89":0,"90":0,"91":0,"92":0,"93":0,"94":0,"95":0,"96":0,"97":0,"98":0,"99":0,"100":0,"101":0,"102":0,"103":0,"104":0,"105":0,"106":0,"107":0,"108":0,"109":0,"110":0,"111":0,"112":0,"113":0,"114":0,"115":0,"116":0,"117":0,"118":0,"119":0,"120":0,"121":0,"122":0,"123":0,"124":0,"125":0,"126":0,"127":0,"128":0,"129":0,"130":0,"131":0,"132":0,"133":0,"134":0,"135":0,"136":0,"137":0,"138":0,"139":0,"140":0,"141":0,"142":0,"143":0,"144":0,"145":0,"146":0,"147":0,"148":0,"149":0,"150":0,"151":0,"152":0,"153":0,"154":0,"155":0,"156":0,"157":0,"158":0,"159":0,"160":0,"161":0,"162":0,"163":0,"164":0,"165":0,"166":0,"167":0,"168":0,"169":0,"170":0,"171":0,"172":0,"173":0,"174":0,"175":0,"176":0,"177":0,"178":0,"179":0,"180":0,"181":0,"182":0,"183":0,"184":0,"185":0,"186":0,"187":0,"188":0,"189":0,"190":0,"191":0,"192":0,"193":0,"194":0,"195":0,"196":0,"197":0,"198":0,"199":0,"200":0,"201":0,"202":0,"203":0,"204":0,"205":0,"206":0,"207":0,"208":0,"209":0,"210":0,"211":0,"212":0,"213":0,"214":0,"215":0,"216":0,"217":0,"218":0,"219":0,"220":0,"221":0,"222":0,"223":0,"224":0,"225":0,"226":0,"227":0,"228":0,"229":0,"230":0,"231":0,"232":0,"233":0,"234":0,"235":0,"236":0,"237":0,"238":0,"239":0,"240":0,"241":0,"242":0,"243":0,"244":0,"245":0,"246":0,"247":0,"248":0,"249":0,"250":0,"251":0,"252":0,"253":0,"254":0,"255":0,"256":0,"257":0,"258":0,"259":0,"260":0,"261":0,"262":0,"263":0,"264":0,"265":0,"266":0,"267":0,"268":0,"269":0,"270":0,"271":0,"272":0,"273":0,"274":0,"275":0,"276":0,"277":0,"278":0},"f":{"0":0,"1":0,"2":0,"3":0,"4":0,"5":0,"6":0,"7":0,"8":0,"9":0,"10":0,"11":0,"12":0,"13":0,"14":0,"15":0,"16":0,"17":0,"18":0,"19":0,"20":0,"21":0,"22":0,"23":0,"24":0,"25":0,"26":0,"27":0,"28":0,"29":0,"30":0,"31":0,"32":0,"33":0,"34":0,"35":0,"36":0,"37":0,"38":0,"39":0,"40":0,"41":0,"42":0,"43":0,"44":0,"45":0,"46":0,"47":0,"48":0,"49":0,"50":0,"51":0,"52":0,"53":0,"54":0,"55":0,"56":0,"57":0,"58":0,"59":0,"60":0,"61":0,"62":0,"63":0,"64":0,"65":0,"66":0,"67":0,"68":0,"69":0,"70":0,"71":0,"72":0,"73":0,"74":0,"75":0,"76":0,"77":0,"78":0,"79":0,"80":0,"81":0,"82":0,"83":0,"84":0,"85":0,"86":0,"87":0,"88":0,"89":0,"90":0,"91":0,"92":0,"93":0,"94":0,"95":0,"96":0,"97":0,"98":0,"99":0,"100":0,"101":0,"102":0,"103":0,"104":0,"105":0,"106":0,"107":0,"108":0,"109":0,"110":0,"111":0,"112":0,"113":0,"114":0,"115":0,"116":0,"117":0,"118":0,"119":0,"120":0,"121":0,"122":0,"123":0,"124":0,"125":0,"126":0,"127":0,"128":0,"129":0,"130":0,"131":0,"132":0,"133":0,"134":0,"135":0,"136":0,"137":0,"138":0,"139":0,"140":0,"141":0,"142":0,"143":0,"144":0,"145":0,"146":0,"147":0,"148":0,"149":0,"150":0,"151":0,"152":0,"153":0,"154":0,"155":0,"156":0,"157":0,"158":0,"159":0,"160":0,"161":0,"162":0,"163":0,"164":0,"165":0,"166":0,"167":0,"168":0,"169":0},"b":{"0":[0,0],"1":[0,0],"2":[0,0],"3":[0,0],"4":[0,0],"5":[0,0]},"_coverageSchema":"43e27e138ebf9cfc5966b082cf9a028302ed4184","hash":"0be4629816bc9f78f59a9565ad02dda91120d3da"}
,"/Users/brodrigu/Code/bestoke-frontend-application/src/conf.js": {"path":"/Users/brodrigu/Code/bestoke-frontend-application/src/conf.js","statementMap":{"0":{"start":{"line":1,"column":13},"end":{"line":6,"column":1}}},"fnMap":{},"branchMap":{"0":{"loc":{"start":{"line":2,"column":16},"end":{"line":2,"column":72}},"type":"binary-expr","locations":[{"start":{"line":2,"column":16},"end":{"line":2,"column":44}},{"start":{"line":2,"column":48},"end":{"line":2,"column":72}}],"line":2},"1":{"loc":{"start":{"line":3,"column":14},"end":{"line":3,"column":74}},"type":"binary-expr","locations":[{"start":{"line":3,"column":14},"end":{"line":3,"column":44}},{"start":{"line":3,"column":48},"end":{"line":3,"column":74}}],"line":3},"2":{"loc":{"start":{"line":4,"column":21},"end":{"line":4,"column":88}},"type":"binary-expr","locations":[{"start":{"line":4,"column":21},"end":{"line":4,"column":50}},{"start":{"line":4,"column":54},"end":{"line":4,"column":88}}],"line":4},"3":{"loc":{"start":{"line":5,"column":18},"end":{"line":5,"column":55}},"type":"binary-expr","locations":[{"start":{"line":5,"column":18},"end":{"line":5,"column":41}},{"start":{"line":5,"column":45},"end":{"line":5,"column":55}}],"line":5}},"s":{"0":18},"f":{},"b":{"0":[18,18],"1":[18,18],"2":[18,18],"3":[18,18]},"_coverageSchema":"43e27e138ebf9cfc5966b082cf9a028302ed4184","hash":"581e73977b12bbb326ddb928f45d81de8c698649"}
,"/Users/brodrigu/Code/bestoke-frontend-application/src/ducks/data/brand.js": {"path":"/Users/brodrigu/Code/bestoke-frontend-application/src/ducks/data/brand.js","statementMap":{"0":{"start":{"line":6,"column":33},"end":{"line":6,"column":77}},"1":{"start":{"line":7,"column":34},"end":{"line":7,"column":79}},"2":{"start":{"line":8,"column":24},"end":{"line":8,"column":59}},"3":{"start":{"line":9,"column":27},"end":{"line":9,"column":65}},"4":{"start":{"line":10,"column":25},"end":{"line":10,"column":61}},"5":{"start":{"line":15,"column":8},"end":{"line":15,"column":18}},"6":{"start":{"line":18,"column":8},"end":{"line":18,"column":23}},"7":{"start":{"line":21,"column":8},"end":{"line":21,"column":39}},"8":{"start":{"line":24,"column":8},"end":{"line":24,"column":40}},"9":{"start":{"line":30,"column":17},"end":{"line":30,"column":54}},"10":{"start":{"line":31,"column":4},"end":{"line":31,"column":40}},"11":{"start":{"line":34,"column":4},"end":{"line":34,"column":64}},"12":{"start":{"line":38,"column":4},"end":{"line":42,"column":5}},"13":{"start":{"line":39,"column":21},"end":{"line":39,"column":58}},"14":{"start":{"line":40,"column":8},"end":{"line":40,"column":58}},"15":{"start":{"line":41,"column":8},"end":{"line":41,"column":15}},"16":{"start":{"line":44,"column":17},"end":{"line":44,"column":57}},"17":{"start":{"line":45,"column":4},"end":{"line":45,"column":40}},"18":{"start":{"line":48,"column":4},"end":{"line":48,"column":48}}},"fnMap":{"0":{"name":"(anonymous_0)","decl":{"start":{"line":14,"column":4},"end":{"line":14,"column":5}},"loc":{"start":{"line":14,"column":26},"end":{"line":16,"column":5}},"line":14},"1":{"name":"(anonymous_1)","decl":{"start":{"line":17,"column":4},"end":{"line":17,"column":5}},"loc":{"start":{"line":17,"column":45},"end":{"line":19,"column":5}},"line":17},"2":{"name":"(anonymous_2)","decl":{"start":{"line":20,"column":4},"end":{"line":20,"column":5}},"loc":{"start":{"line":20,"column":22},"end":{"line":22,"column":5}},"line":20},"3":{"name":"(anonymous_3)","decl":{"start":{"line":23,"column":4},"end":{"line":23,"column":5}},"loc":{"start":{"line":23,"column":38},"end":{"line":25,"column":5}},"line":23},"4":{"name":"workFetchBrandRequest","decl":{"start":{"line":29,"column":17},"end":{"line":29,"column":38}},"loc":{"start":{"line":29,"column":47},"end":{"line":32,"column":1}},"line":29},"5":{"name":"watchFetchBrandRequest","decl":{"start":{"line":33,"column":17},"end":{"line":33,"column":39}},"loc":{"start":{"line":33,"column":42},"end":{"line":35,"column":1}},"line":33},"6":{"name":"workSaveBrand","decl":{"start":{"line":37,"column":17},"end":{"line":37,"column":30}},"loc":{"start":{"line":37,"column":39},"end":{"line":46,"column":1}},"line":37},"7":{"name":"watchSaveBrand","decl":{"start":{"line":47,"column":17},"end":{"line":47,"column":31}},"loc":{"start":{"line":47,"column":34},"end":{"line":49,"column":1}},"line":47}},"branchMap":{"0":{"loc":{"start":{"line":38,"column":4},"end":{"line":42,"column":5}},"type":"if","locations":[{"start":{"line":38,"column":4},"end":{"line":42,"column":5}},{"start":{"line":38,"column":4},"end":{"line":42,"column":5}}],"line":38}},"s":{"0":1,"1":1,"2":1,"3":1,"4":1,"5":1,"6":1,"7":1,"8":1,"9":1,"10":1,"11":1,"12":2,"13":1,"14":1,"15":1,"16":1,"17":1,"18":1},"f":{"0":1,"1":1,"2":1,"3":1,"4":1,"5":1,"6":2,"7":1},"b":{"0":[1,1]},"_coverageSchema":"43e27e138ebf9cfc5966b082cf9a028302ed4184","hash":"bce6c4d15a04bb1657c5cbf96ad6461fd5461b5e"}
,"/Users/brodrigu/Code/bestoke-frontend-application/src/ducks/data/brandList.js": {"path":"/Users/brodrigu/Code/bestoke-frontend-application/src/ducks/data/brandList.js","statementMap":{"0":{"start":{"line":6,"column":37},"end":{"line":6,"column":89}},"1":{"start":{"line":7,"column":38},"end":{"line":7,"column":87}},"2":{"start":{"line":8,"column":27},"end":{"line":8,"column":67}},"3":{"start":{"line":13,"column":8},"end":{"line":13,"column":18}},"4":{"start":{"line":16,"column":8},"end":{"line":16,"column":23}},"5":{"start":{"line":22,"column":17},"end":{"line":22,"column":51}},"6":{"start":{"line":23,"column":4},"end":{"line":23,"column":44}},"7":{"start":{"line":26,"column":4},"end":{"line":26,"column":72}},"8":{"start":{"line":30,"column":4},"end":{"line":30,"column":42}},"9":{"start":{"line":34,"column":4},"end":{"line":34,"column":52}}},"fnMap":{"0":{"name":"(anonymous_0)","decl":{"start":{"line":12,"column":4},"end":{"line":12,"column":5}},"loc":{"start":{"line":12,"column":30},"end":{"line":14,"column":5}},"line":12},"1":{"name":"(anonymous_1)","decl":{"start":{"line":15,"column":4},"end":{"line":15,"column":5}},"loc":{"start":{"line":15,"column":49},"end":{"line":17,"column":5}},"line":15},"2":{"name":"workFetchBrandListRequest","decl":{"start":{"line":21,"column":17},"end":{"line":21,"column":42}},"loc":{"start":{"line":21,"column":51},"end":{"line":24,"column":1}},"line":21},"3":{"name":"watchFetchBrandListRequest","decl":{"start":{"line":25,"column":17},"end":{"line":25,"column":43}},"loc":{"start":{"line":25,"column":46},"end":{"line":27,"column":1}},"line":25},"4":{"name":"workRemoveBrand","decl":{"start":{"line":29,"column":17},"end":{"line":29,"column":32}},"loc":{"start":{"line":29,"column":41},"end":{"line":31,"column":1}},"line":29},"5":{"name":"watchRemoveBrand","decl":{"start":{"line":33,"column":17},"end":{"line":33,"column":33}},"loc":{"start":{"line":33,"column":36},"end":{"line":35,"column":1}},"line":33}},"branchMap":{},"s":{"0":1,"1":1,"2":1,"3":1,"4":1,"5":1,"6":1,"7":1,"8":1,"9":1},"f":{"0":1,"1":1,"2":1,"3":1,"4":1,"5":1},"b":{},"_coverageSchema":"43e27e138ebf9cfc5966b082cf9a028302ed4184","hash":"2dbc60dccbf98d22504d484e2e981cc9648e5b2c"}
,"/Users/brodrigu/Code/bestoke-frontend-application/src/ducks/data/content.js": {"path":"/Users/brodrigu/Code/bestoke-frontend-application/src/ducks/data/content.js","statementMap":{"0":{"start":{"line":6,"column":35},"end":{"line":6,"column":83}},"1":{"start":{"line":7,"column":36},"end":{"line":7,"column":85}},"2":{"start":{"line":8,"column":26},"end":{"line":8,"column":65}},"3":{"start":{"line":9,"column":29},"end":{"line":9,"column":71}},"4":{"start":{"line":10,"column":27},"end":{"line":10,"column":67}},"5":{"start":{"line":11,"column":36},"end":{"line":11,"column":85}},"6":{"start":{"line":12,"column":33},"end":{"line":12,"column":79}},"7":{"start":{"line":13,"column":36},"end":{"line":13,"column":85}},"8":{"start":{"line":14,"column":35},"end":{"line":14,"column":83}},"9":{"start":{"line":16,"column":21},"end":{"line":18,"column":1}},"10":{"start":{"line":23,"column":8},"end":{"line":26,"column":11}},"11":{"start":{"line":27,"column":8},"end":{"line":29,"column":10}},"12":{"start":{"line":32,"column":8},"end":{"line":32,"column":28}},"13":{"start":{"line":35,"column":8},"end":{"line":35,"column":23}},"14":{"start":{"line":38,"column":8},"end":{"line":38,"column":46}},"15":{"start":{"line":41,"column":8},"end":{"line":46,"column":10}},"16":{"start":{"line":44,"column":16},"end":{"line":44,"column":41}},"17":{"start":{"line":49,"column":8},"end":{"line":49,"column":40}},"18":{"start":{"line":52,"column":8},"end":{"line":60,"column":10}},"19":{"start":{"line":55,"column":16},"end":{"line":57,"column":17}},"20":{"start":{"line":56,"column":20},"end":{"line":56,"column":35}},"21":{"start":{"line":58,"column":16},"end":{"line":58,"column":38}},"22":{"start":{"line":66,"column":39},"end":{"line":69,"column":6}},"23":{"start":{"line":70,"column":4},"end":{"line":70,"column":69}},"24":{"start":{"line":73,"column":4},"end":{"line":73,"column":68}},"25":{"start":{"line":77,"column":4},"end":{"line":83,"column":5}},"26":{"start":{"line":78,"column":21},"end":{"line":78,"column":60}},"27":{"start":{"line":79,"column":8},"end":{"line":79,"column":60}},"28":{"start":{"line":81,"column":21},"end":{"line":81,"column":63}},"29":{"start":{"line":82,"column":8},"end":{"line":82,"column":46}},"30":{"start":{"line":86,"column":4},"end":{"line":86,"column":52}},"31":{"start":{"line":90,"column":35},"end":{"line":96,"column":6}},"32":{"start":{"line":91,"column":20},"end":{"line":91,"column":29}},"33":{"start":{"line":92,"column":8},"end":{"line":94,"column":9}},"34":{"start":{"line":93,"column":12},"end":{"line":93,"column":26}},"35":{"start":{"line":95,"column":8},"end":{"line":95,"column":19}},"36":{"start":{"line":97,"column":4},"end":{"line":97,"column":82}},"37":{"start":{"line":98,"column":4},"end":{"line":98,"column":46}},"38":{"start":{"line":101,"column":4},"end":{"line":101,"column":68}}},"fnMap":{"0":{"name":"(anonymous_0)","decl":{"start":{"line":22,"column":4},"end":{"line":22,"column":5}},"loc":{"start":{"line":22,"column":44},"end":{"line":30,"column":5}},"line":22},"1":{"name":"(anonymous_1)","decl":{"start":{"line":31,"column":4},"end":{"line":31,"column":5}},"loc":{"start":{"line":31,"column":28},"end":{"line":33,"column":5}},"line":31},"2":{"name":"(anonymous_2)","decl":{"start":{"line":34,"column":4},"end":{"line":34,"column":5}},"loc":{"start":{"line":34,"column":47},"end":{"line":36,"column":5}},"line":34},"3":{"name":"(anonymous_3)","decl":{"start":{"line":37,"column":4},"end":{"line":37,"column":5}},"loc":{"start":{"line":37,"column":19},"end":{"line":39,"column":5}},"line":37},"4":{"name":"(anonymous_4)","decl":{"start":{"line":40,"column":4},"end":{"line":40,"column":5}},"loc":{"start":{"line":40,"column":47},"end":{"line":47,"column":5}},"line":40},"5":{"name":"(anonymous_5)","decl":{"start":{"line":43,"column":58},"end":{"line":43,"column":59}},"loc":{"start":{"line":44,"column":16},"end":{"line":44,"column":41}},"line":44},"6":{"name":"(anonymous_6)","decl":{"start":{"line":48,"column":4},"end":{"line":48,"column":5}},"loc":{"start":{"line":48,"column":40},"end":{"line":50,"column":5}},"line":48},"7":{"name":"(anonymous_7)","decl":{"start":{"line":51,"column":4},"end":{"line":51,"column":5}},"loc":{"start":{"line":51,"column":47},"end":{"line":61,"column":5}},"line":51},"8":{"name":"(anonymous_8)","decl":{"start":{"line":54,"column":55},"end":{"line":54,"column":56}},"loc":{"start":{"line":54,"column":75},"end":{"line":59,"column":13}},"line":54},"9":{"name":"workFetchContentRequest","decl":{"start":{"line":65,"column":17},"end":{"line":65,"column":40}},"loc":{"start":{"line":65,"column":49},"end":{"line":71,"column":1}},"line":65},"10":{"name":"watchFetchContentRequest","decl":{"start":{"line":72,"column":17},"end":{"line":72,"column":41}},"loc":{"start":{"line":72,"column":44},"end":{"line":74,"column":1}},"line":72},"11":{"name":"workSaveContent","decl":{"start":{"line":76,"column":17},"end":{"line":76,"column":32}},"loc":{"start":{"line":76,"column":41},"end":{"line":84,"column":1}},"line":76},"12":{"name":"watchSaveContent","decl":{"start":{"line":85,"column":17},"end":{"line":85,"column":33}},"loc":{"start":{"line":85,"column":36},"end":{"line":87,"column":1}},"line":85},"13":{"name":"workSaveProductMentions","decl":{"start":{"line":89,"column":17},"end":{"line":89,"column":40}},"loc":{"start":{"line":89,"column":49},"end":{"line":99,"column":1}},"line":89},"14":{"name":"(anonymous_14)","decl":{"start":{"line":90,"column":70},"end":{"line":90,"column":71}},"loc":{"start":{"line":90,"column":78},"end":{"line":96,"column":5}},"line":90},"15":{"name":"watchSaveProductMentions","decl":{"start":{"line":100,"column":17},"end":{"line":100,"column":41}},"loc":{"start":{"line":100,"column":44},"end":{"line":102,"column":1}},"line":100}},"branchMap":{"0":{"loc":{"start":{"line":55,"column":16},"end":{"line":57,"column":17}},"type":"if","locations":[{"start":{"line":55,"column":16},"end":{"line":57,"column":17}},{"start":{"line":55,"column":16},"end":{"line":57,"column":17}}],"line":55},"1":{"loc":{"start":{"line":77,"column":4},"end":{"line":83,"column":5}},"type":"if","locations":[{"start":{"line":77,"column":4},"end":{"line":83,"column":5}},{"start":{"line":77,"column":4},"end":{"line":83,"column":5}}],"line":77},"2":{"loc":{"start":{"line":92,"column":8},"end":{"line":94,"column":9}},"type":"if","locations":[{"start":{"line":92,"column":8},"end":{"line":94,"column":9}},{"start":{"line":92,"column":8},"end":{"line":94,"column":9}}],"line":92},"3":{"loc":{"start":{"line":92,"column":12},"end":{"line":92,"column":57}},"type":"binary-expr","locations":[{"start":{"line":92,"column":12},"end":{"line":92,"column":25}},{"start":{"line":92,"column":29},"end":{"line":92,"column":57}}],"line":92}},"s":{"0":2,"1":2,"2":2,"3":2,"4":2,"5":2,"6":2,"7":2,"8":2,"9":2,"10":0,"11":0,"12":1,"13":1,"14":1,"15":0,"16":0,"17":1,"18":0,"19":0,"20":0,"21":0,"22":1,"23":1,"24":1,"25":2,"26":1,"27":1,"28":1,"29":1,"30":1,"31":0,"32":0,"33":0,"34":0,"35":0,"36":0,"37":0,"38":0},"f":{"0":0,"1":1,"2":1,"3":1,"4":0,"5":0,"6":1,"7":0,"8":0,"9":1,"10":1,"11":2,"12":1,"13":0,"14":0,"15":0},"b":{"0":[0,0],"1":[1,1],"2":[0,0],"3":[0,0]},"_coverageSchema":"43e27e138ebf9cfc5966b082cf9a028302ed4184","hash":"d3c4dfb24a275b20889ce75dff1ca02f46736c55"}
,"/Users/brodrigu/Code/bestoke-frontend-application/src/ducks/data/contentList.js": {"path":"/Users/brodrigu/Code/bestoke-frontend-application/src/ducks/data/contentList.js","statementMap":{"0":{"start":{"line":6,"column":39},"end":{"line":6,"column":95}},"1":{"start":{"line":7,"column":40},"end":{"line":7,"column":93}},"2":{"start":{"line":8,"column":29},"end":{"line":8,"column":71}},"3":{"start":{"line":13,"column":8},"end":{"line":13,"column":18}},"4":{"start":{"line":16,"column":8},"end":{"line":16,"column":23}},"5":{"start":{"line":22,"column":17},"end":{"line":22,"column":53}},"6":{"start":{"line":23,"column":4},"end":{"line":23,"column":46}},"7":{"start":{"line":26,"column":4},"end":{"line":26,"column":76}},"8":{"start":{"line":30,"column":4},"end":{"line":30,"column":44}},"9":{"start":{"line":34,"column":4},"end":{"line":34,"column":56}}},"fnMap":{"0":{"name":"(anonymous_0)","decl":{"start":{"line":12,"column":4},"end":{"line":12,"column":5}},"loc":{"start":{"line":12,"column":32},"end":{"line":14,"column":5}},"line":12},"1":{"name":"(anonymous_1)","decl":{"start":{"line":15,"column":4},"end":{"line":15,"column":5}},"loc":{"start":{"line":15,"column":51},"end":{"line":17,"column":5}},"line":15},"2":{"name":"workFetchContentListRequest","decl":{"start":{"line":21,"column":17},"end":{"line":21,"column":44}},"loc":{"start":{"line":21,"column":53},"end":{"line":24,"column":1}},"line":21},"3":{"name":"watchFetchContentListRequest","decl":{"start":{"line":25,"column":17},"end":{"line":25,"column":45}},"loc":{"start":{"line":25,"column":48},"end":{"line":27,"column":1}},"line":25},"4":{"name":"workRemoveContent","decl":{"start":{"line":29,"column":17},"end":{"line":29,"column":34}},"loc":{"start":{"line":29,"column":43},"end":{"line":31,"column":1}},"line":29},"5":{"name":"watchRemoveContent","decl":{"start":{"line":33,"column":17},"end":{"line":33,"column":35}},"loc":{"start":{"line":33,"column":38},"end":{"line":35,"column":1}},"line":33}},"branchMap":{},"s":{"0":1,"1":1,"2":1,"3":1,"4":1,"5":1,"6":1,"7":1,"8":1,"9":1},"f":{"0":1,"1":1,"2":1,"3":1,"4":1,"5":1},"b":{},"_coverageSchema":"43e27e138ebf9cfc5966b082cf9a028302ed4184","hash":"5ded8952d497fde428dfcd4f65f6882a87d7e3ae"}
,"/Users/brodrigu/Code/bestoke-frontend-application/src/ducks/data/creator.js": {"path":"/Users/brodrigu/Code/bestoke-frontend-application/src/ducks/data/creator.js","statementMap":{"0":{"start":{"line":7,"column":35},"end":{"line":7,"column":83}},"1":{"start":{"line":8,"column":36},"end":{"line":8,"column":85}},"2":{"start":{"line":9,"column":26},"end":{"line":9,"column":65}},"3":{"start":{"line":10,"column":36},"end":{"line":10,"column":85}},"4":{"start":{"line":11,"column":29},"end":{"line":11,"column":71}},"5":{"start":{"line":12,"column":27},"end":{"line":12,"column":67}},"6":{"start":{"line":13,"column":38},"end":{"line":13,"column":89}},"7":{"start":{"line":15,"column":23},"end":{"line":23,"column":1}},"8":{"start":{"line":28,"column":8},"end":{"line":28,"column":30}},"9":{"start":{"line":31,"column":8},"end":{"line":31,"column":23}},"10":{"start":{"line":34,"column":8},"end":{"line":34,"column":48}},"11":{"start":{"line":37,"column":8},"end":{"line":41,"column":10}},"12":{"start":{"line":44,"column":8},"end":{"line":44,"column":40}},"13":{"start":{"line":50,"column":17},"end":{"line":50,"column":56}},"14":{"start":{"line":51,"column":4},"end":{"line":51,"column":42}},"15":{"start":{"line":54,"column":4},"end":{"line":54,"column":68}},"16":{"start":{"line":58,"column":4},"end":{"line":64,"column":5}},"17":{"start":{"line":59,"column":21},"end":{"line":59,"column":60}},"18":{"start":{"line":60,"column":8},"end":{"line":60,"column":60}},"19":{"start":{"line":62,"column":21},"end":{"line":62,"column":63}},"20":{"start":{"line":63,"column":8},"end":{"line":63,"column":46}},"21":{"start":{"line":67,"column":4},"end":{"line":67,"column":52}},"22":{"start":{"line":71,"column":17},"end":{"line":71,"column":39}},"23":{"start":{"line":72,"column":4},"end":{"line":72,"column":58}},"24":{"start":{"line":73,"column":4},"end":{"line":73,"column":45}},"25":{"start":{"line":77,"column":4},"end":{"line":77,"column":70}}},"fnMap":{"0":{"name":"(anonymous_0)","decl":{"start":{"line":27,"column":4},"end":{"line":27,"column":5}},"loc":{"start":{"line":27,"column":28},"end":{"line":29,"column":5}},"line":27},"1":{"name":"(anonymous_1)","decl":{"start":{"line":30,"column":4},"end":{"line":30,"column":5}},"loc":{"start":{"line":30,"column":47},"end":{"line":32,"column":5}},"line":30},"2":{"name":"(anonymous_2)","decl":{"start":{"line":33,"column":4},"end":{"line":33,"column":5}},"loc":{"start":{"line":33,"column":19},"end":{"line":35,"column":5}},"line":33},"3":{"name":"(anonymous_3)","decl":{"start":{"line":36,"column":4},"end":{"line":36,"column":5}},"loc":{"start":{"line":36,"column":49},"end":{"line":42,"column":5}},"line":36},"4":{"name":"(anonymous_4)","decl":{"start":{"line":43,"column":4},"end":{"line":43,"column":5}},"loc":{"start":{"line":43,"column":40},"end":{"line":45,"column":5}},"line":43},"5":{"name":"workFetchCreatorRequest","decl":{"start":{"line":49,"column":17},"end":{"line":49,"column":40}},"loc":{"start":{"line":49,"column":49},"end":{"line":52,"column":1}},"line":49},"6":{"name":"watchFetchCreatorRequest","decl":{"start":{"line":53,"column":17},"end":{"line":53,"column":41}},"loc":{"start":{"line":53,"column":44},"end":{"line":55,"column":1}},"line":53},"7":{"name":"workSaveCreator","decl":{"start":{"line":57,"column":17},"end":{"line":57,"column":32}},"loc":{"start":{"line":57,"column":41},"end":{"line":65,"column":1}},"line":57},"8":{"name":"watchSaveCreator","decl":{"start":{"line":66,"column":17},"end":{"line":66,"column":33}},"loc":{"start":{"line":66,"column":36},"end":{"line":68,"column":1}},"line":66},"9":{"name":"workSaveCreatorWithToken","decl":{"start":{"line":70,"column":17},"end":{"line":70,"column":41}},"loc":{"start":{"line":70,"column":50},"end":{"line":74,"column":1}},"line":70},"10":{"name":"watchSaveCreatorWithToken","decl":{"start":{"line":76,"column":17},"end":{"line":76,"column":42}},"loc":{"start":{"line":76,"column":45},"end":{"line":78,"column":1}},"line":76}},"branchMap":{"0":{"loc":{"start":{"line":39,"column":23},"end":{"line":39,"column":59}},"type":"binary-expr","locations":[{"start":{"line":39,"column":23},"end":{"line":39,"column":38}},{"start":{"line":39,"column":42},"end":{"line":39,"column":59}}],"line":39},"1":{"loc":{"start":{"line":40,"column":30},"end":{"line":40,"column":73}},"type":"binary-expr","locations":[{"start":{"line":40,"column":30},"end":{"line":40,"column":52}},{"start":{"line":40,"column":56},"end":{"line":40,"column":73}}],"line":40},"2":{"loc":{"start":{"line":58,"column":4},"end":{"line":64,"column":5}},"type":"if","locations":[{"start":{"line":58,"column":4},"end":{"line":64,"column":5}},{"start":{"line":58,"column":4},"end":{"line":64,"column":5}}],"line":58}},"s":{"0":1,"1":1,"2":1,"3":1,"4":1,"5":1,"6":1,"7":1,"8":1,"9":1,"10":1,"11":0,"12":1,"13":1,"14":1,"15":1,"16":2,"17":1,"18":1,"19":1,"20":1,"21":1,"22":0,"23":0,"24":0,"25":0},"f":{"0":1,"1":1,"2":1,"3":0,"4":1,"5":1,"6":1,"7":2,"8":1,"9":0,"10":0},"b":{"0":[0,0],"1":[0,0],"2":[1,1]},"_coverageSchema":"43e27e138ebf9cfc5966b082cf9a028302ed4184","hash":"8aa3ad7e41a569a9ae47e040bdacaaa2c5c6a2f9"}
[...]
,"/Users/brodrigu/Code/bestoke-frontend-application/src/ducks/data/meta/skinType.js": {"path":"/Users/brodrigu/Code/bestoke-frontend-application/src/ducks/data/meta/skinType.js","statementMap":{"0":{"start":{"line":13,"column":40},"end":{"line":13,"column":99}},"1":{"start":{"line":14,"column":41},"end":{"line":14,"column":101}},"2":{"start":{"line":15,"column":36},"end":{"line":15,"column":91}},"3":{"start":{"line":16,"column":37},"end":{"line":16,"column":93}},"4":{"start":{"line":17,"column":27},"end":{"line":17,"column":73}},"5":{"start":{"line":18,"column":30},"end":{"line":18,"column":79}},"6":{"start":{"line":19,"column":28},"end":{"line":19,"column":75}},"7":{"start":{"line":20,"column":30},"end":{"line":20,"column":79}},"8":{"start":{"line":26,"column":8},"end":{"line":26,"column":46}},"9":{"start":{"line":29,"column":8},"end":{"line":29,"column":51}},"10":{"start":{"line":33,"column":8},"end":{"line":33,"column":46}},"11":{"start":{"line":36,"column":8},"end":{"line":36,"column":51}},"12":{"start":{"line":39,"column":8},"end":{"line":44,"column":10}},"13":{"start":{"line":47,"column":8},"end":{"line":47,"column":51}},"14":{"start":{"line":57,"column":17},"end":{"line":57,"column":54}},"15":{"start":{"line":58,"column":4},"end":{"line":58,"column":47}},"16":{"start":{"line":61,"column":4},"end":{"line":61,"column":78}},"17":{"start":{"line":66,"column":17},"end":{"line":66,"column":50}},"18":{"start":{"line":67,"column":4},"end":{"line":67,"column":43}},"19":{"start":{"line":70,"column":4},"end":{"line":70,"column":70}},"20":{"start":{"line":74,"column":4},"end":{"line":78,"column":5}},"21":{"start":{"line":75,"column":21},"end":{"line":75,"column":58}},"22":{"start":{"line":76,"column":8},"end":{"line":76,"column":67}},"23":{"start":{"line":77,"column":8},"end":{"line":77,"column":15}},"24":{"start":{"line":80,"column":17},"end":{"line":80,"column":57}},"25":{"start":{"line":81,"column":4},"end":{"line":81,"column":43}},"26":{"start":{"line":84,"column":4},"end":{"line":84,"column":54}},"27":{"start":{"line":88,"column":4},"end":{"line":88,"column":45}},"28":{"start":{"line":92,"column":4},"end":{"line":92,"column":58}}},"fnMap":{"0":{"name":"(anonymous_0)","decl":{"start":{"line":25,"column":4},"end":{"line":25,"column":5}},"loc":{"start":{"line":25,"column":38},"end":{"line":27,"column":5}},"line":25},"1":{"name":"(anonymous_1)","decl":{"start":{"line":28,"column":4},"end":{"line":28,"column":5}},"loc":{"start":{"line":28,"column":52},"end":{"line":30,"column":5}},"line":28},"2":{"name":"(anonymous_2)","decl":{"start":{"line":32,"column":4},"end":{"line":32,"column":5}},"loc":{"start":{"line":32,"column":34},"end":{"line":34,"column":5}},"line":32},"3":{"name":"(anonymous_3)","decl":{"start":{"line":35,"column":4},"end":{"line":35,"column":5}},"loc":{"start":{"line":35,"column":48},"end":{"line":37,"column":5}},"line":35},"4":{"name":"(anonymous_4)","decl":{"start":{"line":38,"column":4},"end":{"line":38,"column":5}},"loc":{"start":{"line":38,"column":25},"end":{"line":45,"column":5}},"line":38},"5":{"name":"(anonymous_5)","decl":{"start":{"line":46,"column":4},"end":{"line":46,"column":5}},"loc":{"start":{"line":46,"column":41},"end":{"line":48,"column":5}},"line":46},"6":{"name":"workFetchSkinTypeListRequest","decl":{"start":{"line":56,"column":17},"end":{"line":56,"column":45}},"loc":{"start":{"line":56,"column":54},"end":{"line":59,"column":1}},"line":56},"7":{"name":"watchFetchSkinTypeListRequest","decl":{"start":{"line":60,"column":17},"end":{"line":60,"column":46}},"loc":{"start":{"line":60,"column":49},"end":{"line":62,"column":1}},"line":60},"8":{"name":"workFetchSkinTypeRequest","decl":{"start":{"line":65,"column":17},"end":{"line":65,"column":41}},"loc":{"start":{"line":65,"column":50},"end":{"line":68,"column":1}},"line":65},"9":{"name":"watchFetchSkinTypeRequest","decl":{"start":{"line":69,"column":17},"end":{"line":69,"column":42}},"loc":{"start":{"line":69,"column":45},"end":{"line":71,"column":1}},"line":69},"10":{"name":"workSaveSkinType","decl":{"start":{"line":73,"column":17},"end":{"line":73,"column":33}},"loc":{"start":{"line":73,"column":42},"end":{"line":82,"column":1}},"line":73},"11":{"name":"watchSaveSkinType","decl":{"start":{"line":83,"column":17},"end":{"line":83,"column":34}},"loc":{"start":{"line":83,"column":37},"end":{"line":85,"column":1}},"line":83},"12":{"name":"workRemoveSkinType","decl":{"start":{"line":87,"column":17},"end":{"line":87,"column":35}},"loc":{"start":{"line":87,"column":44},"end":{"line":89,"column":1}},"line":87},"13":{"name":"watchRemoveSkinType","decl":{"start":{"line":91,"column":17},"end":{"line":91,"column":36}},"loc":{"start":{"line":91,"column":39},"end":{"line":93,"column":1}},"line":91}},"branchMap":{"0":{"loc":{"start":{"line":74,"column":4},"end":{"line":78,"column":5}},"type":"if","locations":[{"start":{"line":74,"column":4},"end":{"line":78,"column":5}},{"start":{"line":74,"column":4},"end":{"line":78,"column":5}}],"line":74}},"s":{"0":1,"1":1,"2":1,"3":1,"4":1,"5":1,"6":1,"7":1,"8":1,"9":1,"10":1,"11":1,"12":1,"13":1,"14":1,"15":1,"16":1,"17":1,"18":1,"19":1,"20":2,"21":1,"22":1,"23":1,"24":1,"25":1,"26":1,"27":1,"28":1},"f":{"0":1,"1":1,"2":1,"3":1,"4":1,"5":1,"6":1,"7":1,"8":1,"9":1,"10":2,"11":1,"12":1,"13":1},"b":{"0":[1,1]},"_coverageSchema":"43e27e138ebf9cfc5966b082cf9a028302ed4184","hash":"5bbab15395d8335ed4d859cc73df7d7828e45703"}
,"/Users/brodrigu/Code/bestoke-frontend-application/src/ducks/localState/VideoPage.js": {"path":"/Users/brodrigu/Code/bestoke-frontend-application/src/ducks/localState/VideoPage.js","statementMap":{"0":{"start":{"line":4,"column":28},"end":{"line":4,"column":66}},"1":{"start":{"line":5,"column":35},"end":{"line":5,"column":80}},"2":{"start":{"line":10,"column":8},"end":{"line":10,"column":48}},"3":{"start":{"line":13,"column":8},"end":{"line":13,"column":55}},"4":{"start":{"line":21,"column":28},"end":{"line":21,"column":52}},"5":{"start":{"line":21,"column":37},"end":{"line":21,"column":52}}},"fnMap":{"0":{"name":"(anonymous_0)","decl":{"start":{"line":9,"column":4},"end":{"line":9,"column":5}},"loc":{"start":{"line":9,"column":39},"end":{"line":11,"column":5}},"line":9},"1":{"name":"(anonymous_1)","decl":{"start":{"line":12,"column":4},"end":{"line":12,"column":5}},"loc":{"start":{"line":12,"column":46},"end":{"line":14,"column":5}},"line":12},"2":{"name":"(anonymous_2)","decl":{"start":{"line":21,"column":28},"end":{"line":21,"column":29}},"loc":{"start":{"line":21,"column":37},"end":{"line":21,"column":52}},"line":21}},"branchMap":{},"s":{"0":1,"1":1,"2":1,"3":1,"4":1,"5":0},"f":{"0":1,"1":1,"2":0},"b":{},"_coverageSchema":"43e27e138ebf9cfc5966b082cf9a028302ed4184","hash":"63e54922589ca6bb90a1f357d0f1fd7a26391c20"}
,"/Users/brodrigu/Code/bestoke-frontend-application/src/ducks/localState/Admin/CreatorList.js": {"path":"/Users/brodrigu/Code/bestoke-frontend-application/src/ducks/localState/Admin/CreatorList.js","statementMap":{"0":{"start":{"line":6,"column":26},"end":{"line":6,"column":70}},"1":{"start":{"line":8,"column":21},"end":{"line":10,"column":1}},"2":{"start":{"line":15,"column":8},"end":{"line":15,"column":46}},"3":{"start":{"line":20,"column":4},"end":{"line":20,"column":59}}},"fnMap":{"0":{"name":"(anonymous_0)","decl":{"start":{"line":14,"column":4},"end":{"line":14,"column":5}},"loc":{"start":{"line":14,"column":37},"end":{"line":16,"column":5}},"line":14},"1":{"name":"watchFetchCreatorListRequest","decl":{"start":{"line":19,"column":17},"end":{"line":19,"column":45}},"loc":{"start":{"line":19,"column":48},"end":{"line":21,"column":1}},"line":19}},"branchMap":{},"s":{"0":1,"1":1,"2":1,"3":1},"f":{"0":1,"1":1},"b":{},"_coverageSchema":"43e27e138ebf9cfc5966b082cf9a028302ed4184","hash":"a9240da09ef798787a3cbeda77c61a3dfc5f20cf"}
,"/Users/brodrigu/Code/bestoke-frontend-application/src/ducks/localState/Admin/MissingProductModal.js": {"path":"/Users/brodrigu/Code/bestoke-frontend-application/src/ducks/localState/Admin/MissingProductModal.js","statementMap":{"0":{"start":{"line":7,"column":25},"end":{"line":7,"column":71}},"1":{"start":{"line":8,"column":26},"end":{"line":8,"column":73}},"2":{"start":{"line":9,"column":27},"end":{"line":9,"column":80}},"3":{"start":{"line":10,"column":29},"end":{"line":10,"column":84}},"4":{"start":{"line":11,"column":36},"end":{"line":11,"column":84}},"5":{"start":{"line":12,"column":43},"end":{"line":12,"column":112}},"6":{"start":{"line":13,"column":44},"end":{"line":13,"column":114}},"7":{"start":{"line":15,"column":21},"end":{"line":21,"column":1}},"8":{"start":{"line":26,"column":8},"end":{"line":26,"column":48}},"9":{"start":{"line":29,"column":8},"end":{"line":33,"column":10}},"10":{"start":{"line":36,"column":8},"end":{"line":36,"column":28}},"11":{"start":{"line":39,"column":8},"end":{"line":39,"column":58}},"12":{"start":{"line":49,"column":8},"end":{"line":49,"column":22}},"13":{"start":{"line":50,"column":17},"end":{"line":52,"column":5}},"14":{"start":{"line":54,"column":4},"end":{"line":58,"column":5}},"15":{"start":{"line":55,"column":8},"end":{"line":55,"column":32}},"16":{"start":{"line":57,"column":8},"end":{"line":57,"column":44}},"17":{"start":{"line":60,"column":4},"end":{"line":64,"column":5}},"18":{"start":{"line":61,"column":8},"end":{"line":61,"column":36}},"19":{"start":{"line":63,"column":8},"end":{"line":63,"column":48}},"20":{"start":{"line":66,"column":21},"end":{"line":66,"column":60}},"21":{"start":{"line":67,"column":4},"end":{"line":67,"column":54}},"22":{"start":{"line":69,"column":4},"end":{"line":75,"column":8}},"23":{"start":{"line":79,"column":4},"end":{"line":79,"column":84}}},"fnMap":{"0":{"name":"(anonymous_0)","decl":{"start":{"line":25,"column":4},"end":{"line":25,"column":5}},"loc":{"start":{"line":25,"column":24},"end":{"line":27,"column":5}},"line":25},"1":{"name":"(anonymous_1)","decl":{"start":{"line":28,"column":4},"end":{"line":28,"column":5}},"loc":{"start":{"line":28,"column":36},"end":{"line":34,"column":5}},"line":28},"2":{"name":"(anonymous_2)","decl":{"start":{"line":35,"column":4},"end":{"line":35,"column":5}},"loc":{"start":{"line":35,"column":37},"end":{"line":37,"column":5}},"line":35},"3":{"name":"(anonymous_3)","decl":{"start":{"line":38,"column":4},"end":{"line":38,"column":5}},"loc":{"start":{"line":38,"column":47},"end":{"line":40,"column":5}},"line":38},"4":{"name":"workSubmitMissingProductRequest","decl":{"start":{"line":43,"column":17},"end":{"line":43,"column":48}},"loc":{"start":{"line":43,"column":57},"end":{"line":76,"column":1}},"line":43},"5":{"name":"watchSubmitMissingProductRequest","decl":{"start":{"line":78,"column":17},"end":{"line":78,"column":49}},"loc":{"start":{"line":78,"column":52},"end":{"line":80,"column":1}},"line":78}},"branchMap":{"0":{"loc":{"start":{"line":54,"column":4},"end":{"line":58,"column":5}},"type":"if","locations":[{"start":{"line":54,"column":4},"end":{"line":58,"column":5}},{"start":{"line":54,"column":4},"end":{"line":58,"column":5}}],"line":54},"1":{"loc":{"start":{"line":60,"column":4},"end":{"line":64,"column":5}},"type":"if","locations":[{"start":{"line":60,"column":4},"end":{"line":64,"column":5}},{"start":{"line":60,"column":4},"end":{"line":64,"column":5}}],"line":60}},"s":{"0":1,"1":1,"2":1,"3":1,"4":1,"5":1,"6":1,"7":1,"8":1,"9":1,"10":0,"11":1,"12":1,"13":1,"14":1,"15":1,"16":0,"17":1,"18":1,"19":0,"20":1,"21":1,"22":1,"23":1},"f":{"0":1,"1":1,"2":0,"3":1,"4":1,"5":1},"b":{"0":[1,0],"1":[1,0]},"_coverageSchema":"43e27e138ebf9cfc5966b082cf9a028302ed4184","hash":"de4b4b4fef7310dff64110e842044eb0e3619a85"}
,"/Users/brodrigu/Code/bestoke-frontend-application/src/services/auth.js": {"path":"/Users/brodrigu/Code/bestoke-frontend-application/src/services/auth.js","statementMap":{"0":{"start":{"line":6,"column":24},"end":{"line":6,"column":41}},"1":{"start":{"line":7,"column":16},"end":{"line":7,"column":67}},"2":{"start":{"line":8,"column":4},"end":{"line":8,"column":20}},"3":{"start":{"line":12,"column":24},"end":{"line":12,"column":41}},"4":{"start":{"line":13,"column":16},"end":{"line":13,"column":89}},"5":{"start":{"line":14,"column":4},"end":{"line":14,"column":20}},"6":{"start":{"line":18,"column":24},"end":{"line":18,"column":41}},"7":{"start":{"line":19,"column":16},"end":{"line":19,"column":103}},"8":{"start":{"line":20,"column":4},"end":{"line":20,"column":20}},"9":{"start":{"line":26,"column":22},"end":{"line":26,"column":65}},"10":{"start":{"line":27,"column":21},"end":{"line":27,"column":43}},"11":{"start":{"line":28,"column":4},"end":{"line":33,"column":5}},"12":{"start":{"line":29,"column":8},"end":{"line":29,"column":38}},"13":{"start":{"line":31,"column":28},"end":{"line":31,"column":63}},"14":{"start":{"line":32,"column":8},"end":{"line":32,"column":69}},"15":{"start":{"line":34,"column":18},"end":{"line":34,"column":35}},"16":{"start":{"line":35,"column":4},"end":{"line":35,"column":17}},"17":{"start":{"line":39,"column":18},"end":{"line":39,"column":32}},"18":{"start":{"line":41,"column":4},"end":{"line":41,"column":19}},"19":{"start":{"line":45,"column":4},"end":{"line":45,"column":25}}},"fnMap":{"0":{"name":"requestToken","decl":{"start":{"line":5,"column":16},"end":{"line":5,"column":28}},"loc":{"start":{"line":5,"column":49},"end":{"line":9,"column":1}},"line":5},"1":{"name":"requestYoutubeAccess","decl":{"start":{"line":11,"column":16},"end":{"line":11,"column":36}},"loc":{"start":{"line":11,"column":64},"end":{"line":15,"column":1}},"line":11},"2":{"name":"requestStripeLink","decl":{"start":{"line":17,"column":16},"end":{"line":17,"column":33}},"loc":{"start":{"line":17,"column":63},"end":{"line":21,"column":1}},"line":17},"3":{"name":"getAuthToken","decl":{"start":{"line":23,"column":16},"end":{"line":23,"column":28}},"loc":{"start":{"line":23,"column":31},"end":{"line":36,"column":1}},"line":23},"4":{"name":"authValidate","decl":{"start":{"line":38,"column":16},"end":{"line":38,"column":28}},"loc":{"start":{"line":38,"column":31},"end":{"line":42,"column":1}},"line":38},"5":{"name":"clearToken","decl":{"start":{"line":44,"column":16},"end":{"line":44,"column":26}},"loc":{"start":{"line":44,"column":29},"end":{"line":46,"column":1}},"line":44}},"branchMap":{"0":{"loc":{"start":{"line":5,"column":29},"end":{"line":5,"column":47}},"type":"default-arg","locations":[{"start":{"line":5,"column":37},"end":{"line":5,"column":47}}],"line":5},"1":{"loc":{"start":{"line":11,"column":37},"end":{"line":11,"column":62}},"type":"default-arg","locations":[{"start":{"line":11,"column":45},"end":{"line":11,"column":62}}],"line":11},"2":{"loc":{"start":{"line":17,"column":34},"end":{"line":17,"column":61}},"type":"default-arg","locations":[{"start":{"line":17,"column":42},"end":{"line":17,"column":61}}],"line":17},"3":{"loc":{"start":{"line":28,"column":4},"end":{"line":33,"column":5}},"type":"if","locations":[{"start":{"line":28,"column":4},"end":{"line":33,"column":5}},{"start":{"line":28,"column":4},"end":{"line":33,"column":5}}],"line":28}},"s":{"0":0,"1":0,"2":0,"3":0,"4":0,"5":0,"6":0,"7":0,"8":0,"9":0,"10":0,"11":0,"12":0,"13":0,"14":0,"15":0,"16":0,"17":0,"18":0,"19":0},"f":{"0":0,"1":0,"2":0,"3":0,"4":0,"5":0},"b":{"0":[0],"1":[0],"2":[0],"3":[0,0]},"_coverageSchema":"43e27e138ebf9cfc5966b082cf9a028302ed4184","hash":"ece8712b165bb92f6415d275bceae82f81f50750"}
,"/Users/brodrigu/Code/bestoke-frontend-application/src/services/cache.js": {"path":"/Users/brodrigu/Code/bestoke-frontend-application/src/services/cache.js","statementMap":{"0":{"start":{"line":7,"column":4},"end":{"line":7,"column":30}},"1":{"start":{"line":11,"column":4},"end":{"line":11,"column":30}},"2":{"start":{"line":15,"column":4},"end":{"line":15,"column":30}},"3":{"start":{"line":23,"column":17},"end":{"line":23,"column":30}},"4":{"start":{"line":24,"column":4},"end":{"line":24,"column":21}},"5":{"start":{"line":25,"column":4},"end":{"line":25,"column":16}}},"fnMap":{"0":{"name":"storeCache","decl":{"start":{"line":6,"column":16},"end":{"line":6,"column":26}},"loc":{"start":{"line":6,"column":39},"end":{"line":8,"column":1}},"line":6},"1":{"name":"getCache","decl":{"start":{"line":10,"column":16},"end":{"line":10,"column":24}},"loc":{"start":{"line":10,"column":30},"end":{"line":12,"column":1}},"line":10},"2":{"name":"removeCache","decl":{"start":{"line":14,"column":16},"end":{"line":14,"column":27}},"loc":{"start":{"line":14,"column":33},"end":{"line":16,"column":1}},"line":14},"3":{"name":"pullCache","decl":{"start":{"line":22,"column":16},"end":{"line":22,"column":25}},"loc":{"start":{"line":22,"column":31},"end":{"line":26,"column":1}},"line":22}},"branchMap":{},"s":{"0":0,"1":0,"2":0,"3":0,"4":0,"5":0},"f":{"0":0,"1":0,"2":0,"3":0},"b":{},"_coverageSchema":"43e27e138ebf9cfc5966b082cf9a028302ed4184","hash":"25b2eec12e60db30dda57005c604a746255b1d6b"}
,"/Users/brodrigu/Code/bestoke-frontend-application/src/services/route.js": {"path":"/Users/brodrigu/Code/bestoke-frontend-application/src/services/route.js","statementMap":{"0":{"start":{"line":2,"column":16},"end":{"line":2,"column":65}},"1":{"start":{"line":5,"column":15},"end":{"line":5,"column":20}},"2":{"start":{"line":6,"column":4},"end":{"line":8,"column":5}},"3":{"start":{"line":7,"column":8},"end":{"line":7,"column":42}},"4":{"start":{"line":9,"column":4},"end":{"line":9,"column":33}},"5":{"start":{"line":16,"column":4},"end":{"line":16,"column":32}},"6":{"start":{"line":24,"column":17},"end":{"line":24,"column":34}},"7":{"start":{"line":25,"column":4},"end":{"line":25,"column":21}}},"fnMap":{"0":{"name":"getLinkUrl","decl":{"start":{"line":4,"column":16},"end":{"line":4,"column":26}},"loc":{"start":{"line":4,"column":39},"end":{"line":10,"column":1}},"line":4},"1":{"name":"redirectTo","decl":{"start":{"line":15,"column":16},"end":{"line":15,"column":26}},"loc":{"start":{"line":15,"column":33},"end":{"line":17,"column":1}},"line":15},"2":{"name":"access","decl":{"start":{"line":23,"column":16},"end":{"line":23,"column":22}},"loc":{"start":{"line":23,"column":30},"end":{"line":26,"column":1}},"line":23}},"branchMap":{"0":{"loc":{"start":{"line":4,"column":27},"end":{"line":4,"column":37}},"type":"default-arg","locations":[{"start":{"line":4,"column":35},"end":{"line":4,"column":37}}],"line":4},"1":{"loc":{"start":{"line":6,"column":4},"end":{"line":8,"column":5}},"type":"if","locations":[{"start":{"line":6,"column":4},"end":{"line":8,"column":5}},{"start":{"line":6,"column":4},"end":{"line":8,"column":5}}],"line":6}},"s":{"0":18,"1":0,"2":0,"3":0,"4":0,"5":0,"6":0,"7":0},"f":{"0":0,"1":0,"2":0},"b":{"0":[0],"1":[0,0]},"_coverageSchema":"43e27e138ebf9cfc5966b082cf9a028302ed4184","hash":"2f05dc35051e4e1c45a13cd9a64ab03df081b481"}
}
