TN:
SF:/Users/brodrigu/Code/bestoke-frontend-application/src/client.js
FN:14,(anonymous_0)
FN:19,(anonymous_1)
FN:32,(anonymous_2)
FN:32,(anonymous_3)
FN:50,(anonymous_4)
FN:62,(anonymous_5)
FN:73,uploadImage
FN:81,(anonymous_7)
FN:90,getInfluencerScheduleList
FN:96,(anonymous_9)
FN:104,getInfluencerScheduleData
FN:109,(anonymous_11)
FN:117,saveInfluencerScheduleData
FN:123,(anonymous_13)
FN:132,updateInfluencerScheduleData
FN:138,(anonymous_15)
FN:144,removeInfluencerScheduleData
FN:157,saveTrackedData
FN:170,getOfferingList
FN:176,(anonymous_19)
FN:179,getOfferingSlots
FN:189,(anonymous_21)
FN:192,requestBooking
FN:198,(anonymous_23)
FN:201,confirmBooking
FN:206,(anonymous_25)
FN:214,getOfferingDiscovery
FN:219,(anonymous_27)
FN:228,getOfferingPredefinedList
FN:234,(anonymous_29)
FN:242,getOfferingData
FN:247,(anonymous_31)
FN:255,saveOfferingData
FN:261,(anonymous_33)
FN:269,updateOfferingData
FN:275,(anonymous_35)
FN:283,removeOfferingData
FN:288,(anonymous_37)
FN:296,getInviteCodeList
FN:302,(anonymous_39)
FN:310,getInviteCode
FN:315,(anonymous_41)
FN:323,newInviteCode
FN:329,(anonymous_43)
FN:337,validateInviteCode
FN:342,(anonymous_45)
FN:350,reviewInformationSignup
FN:355,(anonymous_47)
FN:363,updateUserInformation
FN:369,(anonymous_49)
FN:377,getUserContent
FN:382,(anonymous_51)
FN:390,getCreator
FN:395,(anonymous_53)
FN:403,getContent
FN:408,(anonymous_55)
FN:416,getProduct
FN:421,(anonymous_57)
FN:429,searchForKeyword
FN:434,(anonymous_59)
FN:442,getCreatorList
FN:447,(anonymous_61)
FN:453,removeCreatorData
FN:466,updateCreator
FN:472,(anonymous_64)
FN:480,getCreatorContentList
FN:488,(anonymous_66)
FN:496,getCreatorProductList
FN:501,(anonymous_68)
FN:509,getHairColorList
FN:514,(anonymous_70)
FN:522,getHairColor
FN:527,(anonymous_72)
FN:535,newHairColorData
FN:541,(anonymous_74)
FN:550,updateHairColorData
FN:556,(anonymous_76)
FN:562,removeHairColorData
FN:575,getEyeColorList
FN:580,(anonymous_79)
FN:588,getEyeColor
FN:593,(anonymous_81)
FN:601,newEyeColorData
FN:607,(anonymous_83)
FN:616,updateEyeColorData
FN:622,(anonymous_85)
FN:628,removeEyeColorData
FN:641,getHairTypeList
FN:646,(anonymous_88)
FN:654,getHairType
FN:659,(anonymous_90)
FN:668,newHairTypeData
FN:674,(anonymous_92)
FN:682,updateHairTypeData
FN:688,(anonymous_94)
FN:694,removeHairTypeData
FN:707,getSkinTypeList
FN:712,(anonymous_97)
FN:720,getSkinType
FN:725,(anonymous_99)
FN:734,newSkinTypeData
FN:740,(anonymous_101)
FN:749,updateSkinTypeData
FN:755,(anonymous_103)
FN:761,removeSkinTypeData
FN:774,getEthnicityList
FN:779,(anonymous_106)
FN:787,getEthnicity
FN:792,(anonymous_108)
FN:800,newEthnicityData
FN:806,(anonymous_110)
FN:815,updateEthnicityData
FN:821,(anonymous_112)
FN:827,removeEthnicityData
FN:841,newCreator
FN:847,(anonymous_115)
FN:850,newCreatorWithCode
FN:859,(anonymous_117)
FN:867,getContentList
FN:870,(anonymous_119)
FN:884,(anonymous_120)
FN:892,updateContent
FN:898,(anonymous_122)
FN:907,newContent
FN:913,(anonymous_124)
FN:919,removeContentData
FN:932,getProductList
FN:937,(anonymous_127)
FN:945,updateProduct
FN:951,(anonymous_129)
FN:960,newProduct
FN:966,(anonymous_131)
FN:972,removeProductData
FN:985,getBrandList
FN:994,(anonymous_134)
FN:1002,updateBrand
FN:1008,(anonymous_136)
FN:1017,newBrand
FN:1023,(anonymous_138)
FN:1029,removeBrandData
FN:1041,getBrand
FN:1046,(anonymous_141)
FN:1055,findProductVariant
FN:1060,(anonymous_143)
FN:1063,updateProductMentions
FN:1069,(anonymous_145)
FN:1072,getProductMentionsForContent
FN:1077,(anonymous_147)
FN:1086,findBrand
FN:1091,(anonymous_149)
FN:1100,findProduct
FN:1105,(anonymous_151)
FN:1114,submitMissingProduct
FN:1120,(anonymous_153)
FN:1129,fetchYoutubeProfile
FN:1134,(anonymous_155)
FN:1143,getPendingBookingList
FN:1148,(anonymous_157)
FN:1156,acceptBooking
FN:1161,(anonymous_159)
FN:1169,rejectBooking
FN:1174,(anonymous_161)
FN:1183,getScheduledBookingList
FN:1188,(anonymous_163)
FN:1197,requestInvite
FN:1203,(anonymous_165)
FN:1212,getMeeting
FN:1217,(anonymous_167)
FN:1226,getPlatformStats
FN:1231,(anonymous_169)
FNF:170
FNH:0
FNDA:0,(anonymous_0)
FNDA:0,(anonymous_1)
FNDA:0,(anonymous_2)
FNDA:0,(anonymous_3)
FNDA:0,(anonymous_4)
FNDA:0,(anonymous_5)
FNDA:0,uploadImage
FNDA:0,(anonymous_7)
FNDA:0,getInfluencerScheduleList
FNDA:0,(anonymous_9)
FNDA:0,getInfluencerScheduleData
FNDA:0,(anonymous_11)
FNDA:0,saveInfluencerScheduleData
FNDA:0,(anonymous_13)
FNDA:0,updateInfluencerScheduleData
FNDA:0,(anonymous_15)
FNDA:0,removeInfluencerScheduleData
FNDA:0,saveTrackedData
FNDA:0,getOfferingList
FNDA:0,(anonymous_19)
FNDA:0,getOfferingSlots
FNDA:0,(anonymous_21)
FNDA:0,requestBooking
FNDA:0,(anonymous_23)
FNDA:0,confirmBooking
FNDA:0,(anonymous_25)
FNDA:0,getOfferingDiscovery
FNDA:0,(anonymous_27)
FNDA:0,getOfferingPredefinedList
FNDA:0,(anonymous_29)
FNDA:0,getOfferingData
FNDA:0,(anonymous_31)
FNDA:0,saveOfferingData
FNDA:0,(anonymous_33)
FNDA:0,updateOfferingData
FNDA:0,(anonymous_35)
FNDA:0,removeOfferingData
FNDA:0,(anonymous_37)
FNDA:0,getInviteCodeList
FNDA:0,(anonymous_39)
FNDA:0,getInviteCode
FNDA:0,(anonymous_41)
FNDA:0,newInviteCode
FNDA:0,(anonymous_43)
FNDA:0,validateInviteCode
FNDA:0,(anonymous_45)
FNDA:0,reviewInformationSignup
FNDA:0,(anonymous_47)
FNDA:0,updateUserInformation
FNDA:0,(anonymous_49)
FNDA:0,getUserContent
FNDA:0,(anonymous_51)
FNDA:0,getCreator
FNDA:0,(anonymous_53)
FNDA:0,getContent
FNDA:0,(anonymous_55)
FNDA:0,getProduct
FNDA:0,(anonymous_57)
FNDA:0,searchForKeyword
FNDA:0,(anonymous_59)
FNDA:0,getCreatorList
FNDA:0,(anonymous_61)
FNDA:0,removeCreatorData
FNDA:0,updateCreator
FNDA:0,(anonymous_64)
FNDA:0,getCreatorContentList
FNDA:0,(anonymous_66)
FNDA:0,getCreatorProductList
FNDA:0,(anonymous_68)
FNDA:0,getHairColorList
FNDA:0,(anonymous_70)
FNDA:0,getHairColor
FNDA:0,(anonymous_72)
FNDA:0,newHairColorData
FNDA:0,(anonymous_74)
FNDA:0,updateHairColorData
FNDA:0,(anonymous_76)
FNDA:0,removeHairColorData
FNDA:0,getEyeColorList
FNDA:0,(anonymous_79)
FNDA:0,getEyeColor
FNDA:0,(anonymous_81)
FNDA:0,newEyeColorData
FNDA:0,(anonymous_83)
FNDA:0,updateEyeColorData
FNDA:0,(anonymous_85)
FNDA:0,removeEyeColorData
FNDA:0,getHairTypeList
FNDA:0,(anonymous_88)
FNDA:0,getHairType
FNDA:0,(anonymous_90)
FNDA:0,newHairTypeData
FNDA:0,(anonymous_92)
FNDA:0,updateHairTypeData
FNDA:0,(anonymous_94)
FNDA:0,removeHairTypeData
FNDA:0,getSkinTypeList
FNDA:0,(anonymous_97)
FNDA:0,getSkinType
FNDA:0,(anonymous_99)
FNDA:0,newSkinTypeData
FNDA:0,(anonymous_101)
FNDA:0,updateSkinTypeData
FNDA:0,(anonymous_103)
FNDA:0,removeSkinTypeData
FNDA:0,getEthnicityList
FNDA:0,(anonymous_106)
FNDA:0,getEthnicity
FNDA:0,(anonymous_108)
FNDA:0,newEthnicityData
FNDA:0,(anonymous_110)
FNDA:0,updateEthnicityData
FNDA:0,(anonymous_112)
FNDA:0,removeEthnicityData
FNDA:0,newCreator
FNDA:0,(anonymous_115)
FNDA:0,newCreatorWithCode
FNDA:0,(anonymous_117)
FNDA:0,getContentList
FNDA:0,(anonymous_119)
FNDA:0,(anonymous_120)
FNDA:0,updateContent
FNDA:0,(anonymous_122)
FNDA:0,newContent
FNDA:0,(anonymous_124)
FNDA:0,removeContentData
FNDA:0,getProductList
FNDA:0,(anonymous_127)
FNDA:0,updateProduct
FNDA:0,(anonymous_129)
FNDA:0,newProduct
FNDA:0,(anonymous_131)
FNDA:0,removeProductData
FNDA:0,getBrandList
FNDA:0,(anonymous_134)
FNDA:0,updateBrand
FNDA:0,(anonymous_136)
FNDA:0,newBrand
FNDA:0,(anonymous_138)
FNDA:0,removeBrandData
FNDA:0,getBrand
FNDA:0,(anonymous_141)
FNDA:0,findProductVariant
FNDA:0,(anonymous_143)
FNDA:0,updateProductMentions
FNDA:0,(anonymous_145)
FNDA:0,getProductMentionsForContent
FNDA:0,(anonymous_147)
FNDA:0,findBrand
FNDA:0,(anonymous_149)
FNDA:0,findProduct
FNDA:0,(anonymous_151)
FNDA:0,submitMissingProduct
FNDA:0,(anonymous_153)
FNDA:0,fetchYoutubeProfile
FNDA:0,(anonymous_155)
FNDA:0,getPendingBookingList
FNDA:0,(anonymous_157)
FNDA:0,acceptBooking
FNDA:0,(anonymous_159)
FNDA:0,rejectBooking
FNDA:0,(anonymous_161)
FNDA:0,getScheduledBookingList
FNDA:0,(anonymous_163)
FNDA:0,requestInvite
FNDA:0,(anonymous_165)
FNDA:0,getMeeting
FNDA:0,(anonymous_167)
FNDA:0,getPlatformStats
FNDA:0,(anonymous_169)
DA:14,18
DA:15,0
DA:17,0
DA:19,0
DA:21,0
DA:32,18
DA:33,0
DA:34,0
DA:35,0
DA:36,0
DA:37,0
DA:38,0
DA:44,0
DA:46,0
DA:47,0
DA:50,0
DA:51,0
DA:53,0
DA:55,0
DA:58,0
DA:60,0
DA:63,0
DA:74,0
DA:81,0
DA:91,0
DA:96,0
DA:105,0
DA:109,0
DA:118,0
DA:123,0
DA:133,0
DA:138,0
DA:145,0
DA:149,0
DA:158,0
DA:162,0
DA:171,0
DA:176,0
DA:180,0
DA:189,0
DA:193,0
DA:198,0
DA:202,0
DA:206,0
DA:215,0
DA:219,0
DA:229,0
DA:234,0
DA:243,0
DA:247,0
DA:256,0
DA:261,0
DA:270,0
DA:275,0
DA:284,0
DA:288,0
DA:297,0
DA:302,0
DA:311,0
DA:315,0
DA:324,0
DA:329,0
DA:338,0
DA:342,0
DA:351,0
DA:355,0
DA:364,0
DA:369,0
DA:378,0
DA:382,0
DA:391,0
DA:395,0
DA:404,0
DA:408,0
DA:417,0
DA:421,0
DA:430,0
DA:434,0
DA:443,0
DA:447,0
DA:454,0
DA:458,0
DA:467,0
DA:472,0
DA:481,0
DA:488,0
DA:497,0
DA:501,0
DA:510,0
DA:514,0
DA:523,0
DA:527,0
DA:536,0
DA:541,0
DA:551,0
DA:556,0
DA:563,0
DA:567,0
DA:576,0
DA:580,0
DA:589,0
DA:593,0
DA:602,0
DA:607,0
DA:617,0
DA:622,0
DA:629,0
DA:633,0
DA:642,0
DA:646,0
DA:655,0
DA:659,0
DA:669,0
DA:674,0
DA:683,0
DA:688,0
DA:695,0
DA:699,0
DA:708,0
DA:712,0
DA:721,0
DA:725,0
DA:735,0
DA:740,0
DA:750,0
DA:755,0
DA:762,0
DA:766,0
DA:775,0
DA:779,0
DA:788,0
DA:792,0
DA:801,0
DA:806,0
DA:816,0
DA:821,0
DA:828,0
DA:832,0
DA:842,0
DA:847,0
DA:851,0
DA:859,0
DA:870,0
DA:872,0
DA:874,0
DA:876,0
DA:879,0
DA:884,0
DA:893,0
DA:898,0
DA:908,0
DA:913,0
DA:920,0
DA:924,0
DA:933,0
DA:937,0
DA:946,0
DA:951,0
DA:961,0
DA:966,0
DA:973,0
DA:977,0
DA:986,0
DA:994,0
DA:1003,0
DA:1008,0
DA:1018,0
DA:1023,0
DA:1030,0
DA:1034,0
DA:1042,0
DA:1046,0
DA:1056,0
DA:1060,0
DA:1064,0
DA:1069,0
DA:1073,0
DA:1077,0
DA:1087,0
DA:1091,0
DA:1101,0
DA:1105,0
DA:1115,0
DA:1120,0
DA:1130,0
DA:1134,0
DA:1144,0
DA:1148,0
DA:1157,0
DA:1161,0
DA:1170,0
DA:1174,0
DA:1184,0
DA:1188,0
DA:1198,0
DA:1203,0
DA:1213,0
DA:1217,0
DA:1227,0
DA:1231,0
LF:200
LH:2
BRDA:17,0,0,0
BRDA:17,0,1,0
BRDA:33,1,0,0
BRDA:33,1,1,0
BRDA:37,2,0,0
BRDA:37,2,1,0
BRDA:46,3,0,0
BRDA:46,3,1,0
BRDA:51,4,0,0
BRDA:51,4,1,0
BRDA:53,5,0,0
BRDA:53,5,1,0
BRF:12
BRH:0
end_of_record
TN:
SF:/Users/brodrigu/Code/bestoke-frontend-application/src/conf.js
FNF:0
FNH:0
DA:1,18
LF:1
LH:1
BRDA:2,0,0,18
BRDA:2,0,1,18
BRDA:3,1,0,18
BRDA:3,1,1,18
BRDA:4,2,0,18
BRDA:4,2,1,18
BRDA:5,3,0,18
BRDA:5,3,1,18
BRF:8
BRH:8
end_of_record
TN:
SF:/Users/brodrigu/Code/bestoke-frontend-application/src/ducks/data/brand.js
FN:14,(anonymous_0)
FN:17,(anonymous_1)
FN:20,(anonymous_2)
FN:23,(anonymous_3)
FN:29,workFetchBrandRequest
FN:33,watchFetchBrandRequest
FN:37,workSaveBrand
FN:47,watchSaveBrand
FNF:8
FNH:8
FNDA:1,(anonymous_0)
FNDA:1,(anonymous_1)
FNDA:1,(anonymous_2)
FNDA:1,(anonymous_3)
FNDA:1,workFetchBrandRequest
FNDA:1,watchFetchBrandRequest
FNDA:2,workSaveBrand
FNDA:1,watchSaveBrand
DA:6,1
DA:7,1
DA:8,1
DA:9,1
DA:10,1
DA:15,1
DA:18,1
DA:21,1
DA:24,1
DA:30,1
DA:31,1
DA:34,1
DA:38,2
DA:39,1
DA:40,1
DA:41,1
DA:44,1
DA:45,1
DA:48,1
LF:19
LH:19
BRDA:38,0,0,1
BRDA:38,0,1,1
BRF:2
BRH:2
end_of_record
TN:
SF:/Users/brodrigu/Code/bestoke-frontend-application/src/ducks/data/brandList.js
FN:12,(anonymous_0)
FN:15,(anonymous_1)
FN:21,workFetchBrandListRequest
FN:25,watchFetchBrandListRequest
FN:29,workRemoveBrand
FN:33,watchRemoveBrand
FNF:6
FNH:6
FNDA:1,(anonymous_0)
FNDA:1,(anonymous_1)
FNDA:1,workFetchBrandListRequest
FNDA:1,watchFetchBrandListRequest
FNDA:1,workRemoveBrand
FNDA:1,watchRemoveBrand
DA:6,1
DA:7,1
DA:8,1
DA:13,1
DA:16,1
DA:22,1
DA:23,1
DA:26,1
DA:30,1
DA:34,1
LF:10
LH:10
BRF:0
BRH:0
end_of_record
TN:
SF:/Users/brodrigu/Code/bestoke-frontend-application/src/ducks/data/content.js
FN:22,(anonymous_0)
FN:31,(anonymous_1)
FN:34,(anonymous_2)
FN:37,(anonymous_3)
FN:40,(anonymous_4)
FN:43,(anonymous_5)
FN:48,(anonymous_6)
FN:51,(anonymous_7)
FN:54,(anonymous_8)
FN:65,workFetchContentRequest
FN:72,watchFetchContentRequest
FN:76,workSaveContent
FN:85,watchSaveContent
FN:89,workSaveProductMentions
FN:90,(anonymous_14)
FN:100,watchSaveProductMentions
FNF:16
FNH:8
FNDA:0,(anonymous_0)
FNDA:1,(anonymous_1)
FNDA:1,(anonymous_2)
FNDA:1,(anonymous_3)
FNDA:0,(anonymous_4)
FNDA:0,(anonymous_5)
FNDA:1,(anonymous_6)
FNDA:0,(anonymous_7)
FNDA:0,(anonymous_8)
FNDA:1,workFetchContentRequest
FNDA:1,watchFetchContentRequest
FNDA:2,workSaveContent
FNDA:1,watchSaveContent
FNDA:0,workSaveProductMentions
FNDA:0,(anonymous_14)
FNDA:0,watchSaveProductMentions
DA:6,2
DA:7,2
DA:8,2
DA:9,2
DA:10,2
DA:11,2
DA:12,2
DA:13,2
DA:14,2
DA:16,2
DA:23,0
DA:27,0
DA:32,1
DA:35,1
DA:38,1
DA:41,0
DA:44,0
DA:49,1
DA:52,0
DA:55,0
DA:56,0
DA:58,0
DA:66,1
DA:70,1
DA:73,1
DA:77,2
DA:78,1
DA:79,1
DA:81,1
DA:82,1
DA:86,1
DA:90,0
DA:91,0
DA:92,0
DA:93,0
DA:95,0
DA:97,0
DA:98,0
DA:101,0
LF:39
LH:23
BRDA:55,0,0,0
BRDA:55,0,1,0
BRDA:77,1,0,1
BRDA:77,1,1,1
BRDA:92,2,0,0
BRDA:92,2,1,0
BRDA:92,3,0,0
BRDA:92,3,1,0
BRF:8
BRH:2
end_of_record
TN:
SF:/Users/brodrigu/Code/bestoke-frontend-application/src/ducks/data/contentList.js
FN:12,(anonymous_0)
FN:15,(anonymous_1)
FN:21,workFetchContentListRequest
FN:25,watchFetchContentListRequest
FN:29,workRemoveContent
FN:33,watchRemoveContent
FNF:6
FNH:6
FNDA:1,(anonymous_0)
FNDA:1,(anonymous_1)
FNDA:1,workFetchContentListRequest
FNDA:1,watchFetchContentListRequest
FNDA:1,workRemoveContent
FNDA:1,watchRemoveContent
DA:6,1
DA:7,1
DA:8,1
DA:13,1
DA:16,1
DA:22,1
DA:23,1
DA:26,1
DA:30,1
DA:34,1
LF:10
LH:10
BRF:0
BRH:0
end_of_record
TN:
SF:/Users/brodrigu/Code/bestoke-frontend-application/src/ducks/data/creator.js
FN:27,(anonymous_0)
FN:30,(anonymous_1)
FN:33,(anonymous_2)
FN:36,(anonymous_3)
FN:43,(anonymous_4)
FN:49,workFetchCreatorRequest
FN:53,watchFetchCreatorRequest
FN:57,workSaveCreator
FN:66,watchSaveCreator
FN:70,workSaveCreatorWithToken
FN:76,watchSaveCreatorWithToken
FNF:11
FNH:8
FNDA:1,(anonymous_0)
FNDA:1,(anonymous_1)
FNDA:1,(anonymous_2)
FNDA:0,(anonymous_3)
FNDA:1,(anonymous_4)
FNDA:1,workFetchCreatorRequest
FNDA:1,watchFetchCreatorRequest
FNDA:2,workSaveCreator
FNDA:1,watchSaveCreator
FNDA:0,workSaveCreatorWithToken
FNDA:0,watchSaveCreatorWithToken
DA:7,1
DA:8,1
DA:9,1
DA:10,1
DA:11,1
DA:12,1
DA:13,1
DA:15,1
DA:28,1
DA:31,1
DA:34,1
DA:37,0
DA:44,1
DA:50,1
DA:51,1
DA:54,1
DA:58,2
DA:59,1
DA:60,1
DA:62,1
DA:63,1
DA:67,1
DA:71,0
DA:72,0
DA:73,0
DA:77,0
LF:26
LH:21
BRDA:39,0,0,0
BRDA:39,0,1,0
BRDA:40,1,0,0
BRDA:40,1,1,0
BRDA:58,2,0,1
BRDA:58,2,1,1
BRF:6
BRH:2
end_of_record
TN:
SF:/Users/brodrigu/Code/bestoke-frontend-application/src/ducks/data/creatorContentList.js
FN:11,(anonymous_0)
FN:14,(anonymous_1)
FN:20,workFetchCreatorContentListRequest
FN:24,watchFetchCreatorContentListRequest
FNF:4
FNH:4
FNDA:1,(anonymous_0)
FNDA:1,(anonymous_1)
FNDA:1,workFetchCreatorContentListRequest
FNDA:1,watchFetchCreatorContentListRequest
DA:6,1
DA:7,1
DA:12,1
DA:15,1
DA:21,1
DA:22,1
DA:25,1
LF:7
LH:7
BRF:0
BRH:0
end_of_record
TN:
SF:/Users/brodrigu/Code/bestoke-frontend-application/src/ducks/data/creatorList.js
FN:14,(anonymous_0)
FN:17,(anonymous_1)
FN:23,workFetchCreatorListRequest
FN:27,watchFetchCreatorListRequest
FN:31,workRemoveCreator
FN:35,watchRemoveCreator
FNF:6
FNH:6
FNDA:1,(anonymous_0)
FNDA:1,(anonymous_1)
FNDA:1,workFetchCreatorListRequest
FNDA:1,watchFetchCreatorListRequest
FNDA:1,workRemoveCreator
FNDA:1,watchRemoveCreator
DA:6,2
DA:7,2
DA:8,2
DA:11,2
DA:15,1
DA:18,1
DA:24,1
DA:25,1
DA:28,1
DA:32,1
DA:36,1
LF:11
LH:11
BRF:0
BRH:0
end_of_record
TN:
SF:/Users/brodrigu/Code/bestoke-frontend-application/src/ducks/data/creatorProductList.js
FN:11,(anonymous_0)
FN:14,(anonymous_1)
FN:20,workFetchCreatorProductListRequest
FN:24,watchFetchCreatorProductListRequest
FNF:4
FNH:4
FNDA:1,(anonymous_0)
FNDA:1,(anonymous_1)
FNDA:1,workFetchCreatorProductListRequest
FNDA:1,watchFetchCreatorProductListRequest
DA:6,1
DA:7,1
DA:12,1
DA:15,1
DA:21,1
DA:22,1
DA:25,1
LF:7
LH:7
BRF:0
BRH:0
end_of_record
TN:
SF:/Users/brodrigu/Code/bestoke-frontend-application/src/ducks/data/product.js
FN:14,(anonymous_0)
FN:17,(anonymous_1)
FN:20,(anonymous_2)
FN:23,(anonymous_3)
FN:29,workFetchProductRequest
FN:33,watchFetchProductRequest
FN:37,workSaveProduct
FN:46,watchSaveProduct
FNF:8
FNH:8
FNDA:1,(anonymous_0)
FNDA:1,(anonymous_1)
FNDA:1,(anonymous_2)
FNDA:1,(anonymous_3)
FNDA:1,workFetchProductRequest
FNDA:1,watchFetchProductRequest
FNDA:2,workSaveProduct
FNDA:1,watchSaveProduct
DA:6,1
DA:7,1
DA:8,1
DA:9,1
DA:10,1
DA:15,1
DA:18,1
DA:21,1
DA:24,1
DA:30,1
DA:31,1
DA:34,1
DA:38,2
DA:39,1
DA:40,1
DA:42,1
DA:43,1
DA:47,1
LF:18
LH:18
BRDA:38,0,0,1
BRDA:38,0,1,1
BRF:2
BRH:2
end_of_record
TN:
SF:/Users/brodrigu/Code/bestoke-frontend-application/src/ducks/data/productList.js
FN:12,(anonymous_0)
FN:15,(anonymous_1)
FN:21,workFetchProductListRequest
FN:25,watchFetchProductListRequest
FN:29,workRemoveProduct
FN:33,watchRemoveProduct
FNF:6
FNH:6
FNDA:1,(anonymous_0)
FNDA:1,(anonymous_1)
FNDA:1,workFetchProductListRequest
FNDA:1,watchFetchProductListRequest
FNDA:1,workRemoveProduct
FNDA:1,watchRemoveProduct
DA:6,1
DA:7,1
DA:8,1
DA:13,1
DA:16,1
DA:22,1
DA:23,1
DA:26,1
DA:30,1
DA:34,1
LF:10
LH:10
BRF:0
BRH:0
end_of_record
TN:
SF:/Users/brodrigu/Code/bestoke-frontend-application/src/ducks/data/productVariantList.js
FN:11,(anonymous_0)
FN:14,(anonymous_1)
FN:20,workFetchProductVariantListRequest
FN:24,watchFetchProductVariantListRequest
FNF:4
FNH:4
FNDA:1,(anonymous_0)
FNDA:1,(anonymous_1)
FNDA:1,workFetchProductVariantListRequest
FNDA:1,watchFetchProductVariantListRequest
DA:6,1
DA:7,1
DA:12,1
DA:15,1
DA:21,1
DA:22,1
DA:25,1
LF:7
LH:7
BRF:0
BRH:0
end_of_record
TN:
SF:/Users/brodrigu/Code/bestoke-frontend-application/src/ducks/data/meta/ethnicity.js
FN:25,(anonymous_0)
FN:28,(anonymous_1)
FN:32,(anonymous_2)
FN:35,(anonymous_3)
FN:38,(anonymous_4)
FN:46,(anonymous_5)
FN:56,workFetchEthnicityListRequest
FN:60,watchFetchEthnicityListRequest
FN:65,workFetchEthnicityRequest
FN:69,watchFetchEthnicityRequest
FN:73,workSaveEthnicity
FN:84,watchSaveEthnicity
FN:88,workRemoveEthnicity
FN:92,watchRemoveEthnicity
FNF:14
FNH:14
FNDA:1,(anonymous_0)
FNDA:1,(anonymous_1)
FNDA:1,(anonymous_2)
FNDA:1,(anonymous_3)
FNDA:1,(anonymous_4)
FNDA:1,(anonymous_5)
FNDA:1,workFetchEthnicityListRequest
FNDA:1,watchFetchEthnicityListRequest
FNDA:1,workFetchEthnicityRequest
FNDA:1,watchFetchEthnicityRequest
FNDA:2,workSaveEthnicity
FNDA:1,watchSaveEthnicity
FNDA:1,workRemoveEthnicity
FNDA:1,watchRemoveEthnicity
DA:13,1
DA:14,1
DA:15,1
DA:16,1
DA:17,1
DA:18,1
DA:19,1
DA:20,1
DA:26,1
DA:29,1
DA:33,1
DA:36,1
DA:39,1
DA:47,1
DA:57,1
DA:58,1
DA:61,1
DA:66,1
DA:67,1
DA:70,1
DA:74,2
DA:75,1
DA:76,1
DA:77,1
DA:80,1
DA:81,1
DA:85,1
DA:89,1
DA:93,1
LF:29
LH:29
BRDA:74,0,0,1
BRDA:74,0,1,1
BRF:2
BRH:2
end_of_record
TN:
SF:/Users/brodrigu/Code/bestoke-frontend-application/src/ducks/data/meta/eyeColor.js
FN:25,(anonymous_0)
FN:28,(anonymous_1)
FN:32,(anonymous_2)
FN:35,(anonymous_3)
FN:38,(anonymous_4)
FN:46,(anonymous_5)
FN:56,workFetchEyeColorListRequest
FN:60,watchFetchEyeColorListRequest
FN:65,workFetchEyeColorRequest
FN:69,watchFetchEyeColorRequest
FN:73,workSaveEyeColor
FN:83,watchSaveEyeColor
FN:87,workRemoveEyeColor
FN:91,watchRemoveEyeColor
FNF:14
FNH:14
FNDA:1,(anonymous_0)
FNDA:1,(anonymous_1)
FNDA:1,(anonymous_2)
FNDA:1,(anonymous_3)
FNDA:1,(anonymous_4)
FNDA:1,(anonymous_5)
FNDA:1,workFetchEyeColorListRequest
FNDA:1,watchFetchEyeColorListRequest
FNDA:1,workFetchEyeColorRequest
FNDA:1,watchFetchEyeColorRequest
FNDA:2,workSaveEyeColor
FNDA:1,watchSaveEyeColor
FNDA:1,workRemoveEyeColor
FNDA:1,watchRemoveEyeColor
DA:13,1
DA:14,1
DA:15,1
DA:16,1
DA:17,1
DA:18,1
DA:19,1
DA:20,1
DA:26,1
DA:29,1
DA:33,1
DA:36,1
DA:39,1
DA:47,1
DA:57,1
DA:58,1
DA:61,1
DA:66,1
DA:67,1
DA:70,1
DA:74,2
DA:75,1
DA:76,1
DA:77,1
DA:80,1
DA:81,1
DA:84,1
DA:88,1
DA:92,1
LF:29
LH:29
BRDA:74,0,0,1
BRDA:74,0,1,1
BRF:2
BRH:2
end_of_record
TN:
SF:/Users/brodrigu/Code/bestoke-frontend-application/src/ducks/data/meta/hairColor.js
FN:25,(anonymous_0)
FN:28,(anonymous_1)
FN:32,(anonymous_2)
FN:35,(anonymous_3)
FN:38,(anonymous_4)
FN:46,(anonymous_5)
FN:56,workFetchHairColorListRequest
FN:60,watchFetchHairColorListRequest
FN:65,workFetchHairColorRequest
FN:69,watchFetchHairColorRequest
FN:73,workSaveHairColor
FN:84,watchSaveHairColor
FN:88,workRemoveHairColor
FN:92,watchRemoveHairColor
FNF:14
FNH:14
FNDA:1,(anonymous_0)
FNDA:1,(anonymous_1)
FNDA:1,(anonymous_2)
FNDA:1,(anonymous_3)
FNDA:1,(anonymous_4)
FNDA:1,(anonymous_5)
FNDA:1,workFetchHairColorListRequest
FNDA:1,watchFetchHairColorListRequest
FNDA:1,workFetchHairColorRequest
FNDA:1,watchFetchHairColorRequest
FNDA:2,workSaveHairColor
FNDA:1,watchSaveHairColor
FNDA:1,workRemoveHairColor
FNDA:1,watchRemoveHairColor
DA:13,1
DA:14,1
DA:15,1
DA:16,1
DA:17,1
DA:18,1
DA:19,1
DA:20,1
DA:26,1
DA:29,1
DA:33,1
DA:36,1
DA:39,1
DA:47,1
DA:57,1
DA:58,1
DA:61,1
DA:66,1
DA:67,1
DA:70,1
DA:74,2
DA:75,1
DA:76,1
DA:77,1
DA:80,1
DA:81,1
DA:85,1
DA:89,1
DA:93,1
LF:29
LH:29
BRDA:74,0,0,1
BRDA:74,0,1,1
BRF:2
BRH:2
end_of_record
TN:
SF:/Users/brodrigu/Code/bestoke-frontend-application/src/ducks/data/meta/hairType.js
FN:25,(anonymous_0)
FN:28,(anonymous_1)
FN:32,(anonymous_2)
FN:35,(anonymous_3)
FN:38,(anonymous_4)
FN:46,(anonymous_5)
FN:56,workFetchHairTypeListRequest
FN:60,watchFetchHairTypeListRequest
FN:65,workFetchHairTypeRequest
FN:69,watchFetchHairTypeRequest
FN:73,workSaveHairType
FN:83,watchSaveHairType
FN:87,workRemoveHairType
FN:91,watchRemoveHairType
FNF:14
FNH:14
FNDA:1,(anonymous_0)
FNDA:1,(anonymous_1)
FNDA:1,(anonymous_2)
FNDA:1,(anonymous_3)
FNDA:1,(anonymous_4)
FNDA:1,(anonymous_5)
FNDA:1,workFetchHairTypeListRequest
FNDA:1,watchFetchHairTypeListRequest
FNDA:1,workFetchHairTypeRequest
FNDA:1,watchFetchHairTypeRequest
FNDA:2,workSaveHairType
FNDA:1,watchSaveHairType
FNDA:1,workRemoveHairType
FNDA:1,watchRemoveHairType
DA:13,1
DA:14,1
DA:15,1
DA:16,1
DA:17,1
DA:18,1
DA:19,1
DA:20,1
DA:26,1
DA:29,1
DA:33,1
DA:36,1
DA:39,1
DA:47,1
DA:57,1
DA:58,1
DA:61,1
DA:66,1
DA:67,1
DA:70,1
DA:74,2
DA:75,1
DA:76,1
DA:77,1
DA:80,1
DA:81,1
DA:84,1
DA:88,1
DA:92,1
LF:29
LH:29
BRDA:74,0,0,1
BRDA:74,0,1,1
BRF:2
BRH:2
end_of_record
TN:
SF:/Users/brodrigu/Code/bestoke-frontend-application/src/ducks/data/meta/skinType.js
FN:25,(anonymous_0)
FN:28,(anonymous_1)
FN:32,(anonymous_2)
FN:35,(anonymous_3)
FN:38,(anonymous_4)
FN:46,(anonymous_5)
FN:56,workFetchSkinTypeListRequest
FN:60,watchFetchSkinTypeListRequest
FN:65,workFetchSkinTypeRequest
FN:69,watchFetchSkinTypeRequest
FN:73,workSaveSkinType
FN:83,watchSaveSkinType
FN:87,workRemoveSkinType
FN:91,watchRemoveSkinType
FNF:14
FNH:14
FNDA:1,(anonymous_0)
FNDA:1,(anonymous_1)
FNDA:1,(anonymous_2)
FNDA:1,(anonymous_3)
FNDA:1,(anonymous_4)
FNDA:1,(anonymous_5)
FNDA:1,workFetchSkinTypeListRequest
FNDA:1,watchFetchSkinTypeListRequest
FNDA:1,workFetchSkinTypeRequest
FNDA:1,watchFetchSkinTypeRequest
FNDA:2,workSaveSkinType
FNDA:1,watchSaveSkinType
FNDA:1,workRemoveSkinType
FNDA:1,watchRemoveSkinType
DA:13,1
DA:14,1
DA:15,1
DA:16,1
DA:17,1
DA:18,1
DA:19,1
DA:20,1
DA:26,1
DA:29,1
DA:33,1
DA:36,1
DA:39,1
DA:47,1
DA:57,1
DA:58,1
DA:61,1
DA:66,1
DA:67,1
DA:70,1
DA:74,2
DA:75,1
DA:76,1
DA:77,1
DA:80,1
DA:81,1
DA:84,1
DA:88,1
DA:92,1
LF:29
LH:29
BRDA:74,0,0,1
BRDA:74,0,1,1
BRF:2
BRH:2
end_of_record
TN:
SF:/Users/brodrigu/Code/bestoke-frontend-application/src/ducks/localState/VideoPage.js
FN:9,(anonymous_0)
FN:12,(anonymous_1)
FN:21,(anonymous_2)
FNF:3
FNH:2
FNDA:1,(anonymous_0)
FNDA:1,(anonymous_1)
FNDA:0,(anonymous_2)
DA:4,1
DA:5,1
DA:10,1
DA:13,1
DA:21,1
LF:5
LH:5
BRF:0
BRH:0
end_of_record
TN:
SF:/Users/brodrigu/Code/bestoke-frontend-application/src/ducks/localState/Admin/CreatorList.js
FN:14,(anonymous_0)
FN:19,watchFetchCreatorListRequest
FNF:2
FNH:2
FNDA:1,(anonymous_0)
FNDA:1,watchFetchCreatorListRequest
DA:6,1
DA:8,1
DA:15,1
DA:20,1
LF:4
LH:4
BRF:0
BRH:0
end_of_record
TN:
SF:/Users/brodrigu/Code/bestoke-frontend-application/src/ducks/localState/Admin/MissingProductModal.js
FN:25,(anonymous_0)
FN:28,(anonymous_1)
FN:35,(anonymous_2)
FN:38,(anonymous_3)
FN:43,workSubmitMissingProductRequest
FN:78,watchSubmitMissingProductRequest
FNF:6
FNH:5
FNDA:1,(anonymous_0)
FNDA:1,(anonymous_1)
FNDA:0,(anonymous_2)
FNDA:1,(anonymous_3)
FNDA:1,workSubmitMissingProductRequest
FNDA:1,watchSubmitMissingProductRequest
DA:7,1
DA:8,1
DA:9,1
DA:10,1
DA:11,1
DA:12,1
DA:13,1
DA:15,1
DA:26,1
DA:29,1
DA:36,0
DA:39,1
DA:49,1
DA:50,1
DA:54,1
DA:55,1
DA:57,0
DA:60,1
DA:61,1
DA:63,0
DA:66,1
DA:67,1
DA:69,1
DA:79,1
LF:24
LH:21
BRDA:54,0,0,1
BRDA:54,0,1,0
BRDA:60,1,0,1
BRDA:60,1,1,0
BRF:4
BRH:2
end_of_record
TN:
SF:/Users/brodrigu/Code/bestoke-frontend-application/src/services/auth.js
FN:5,requestToken
FN:11,requestYoutubeAccess
FN:17,requestStripeLink
FN:23,getAuthToken
FN:38,authValidate
FN:44,clearToken
FNF:6
FNH:0
FNDA:0,requestToken
FNDA:0,requestYoutubeAccess
FNDA:0,requestStripeLink
FNDA:0,getAuthToken
FNDA:0,authValidate
FNDA:0,clearToken
DA:6,0
DA:7,0
DA:8,0
DA:12,0
DA:13,0
DA:14,0
DA:18,0
DA:19,0
DA:20,0
DA:26,0
DA:27,0
DA:28,0
DA:29,0
DA:31,0
DA:32,0
DA:34,0
DA:35,0
DA:39,0
DA:41,0
DA:45,0
LF:20
LH:0
BRDA:5,0,0,0
BRDA:11,1,0,0
BRDA:17,2,0,0
BRDA:28,3,0,0
BRDA:28,3,1,0
BRF:5
BRH:0
end_of_record
TN:
SF:/Users/brodrigu/Code/bestoke-frontend-application/src/services/cache.js
FN:6,storeCache
FN:10,getCache
FN:14,removeCache
FN:22,pullCache
FNF:4
FNH:0
FNDA:0,storeCache
FNDA:0,getCache
FNDA:0,removeCache
FNDA:0,pullCache
DA:7,0
DA:11,0
DA:15,0
DA:23,0
DA:24,0
DA:25,0
LF:6
LH:0
BRF:0
BRH:0
end_of_record
TN:
SF:/Users/brodrigu/Code/bestoke-frontend-application/src/services/route.js
FN:4,getLinkUrl
FN:15,redirectTo
FN:23,access
FNF:3
FNH:0
FNDA:0,getLinkUrl
FNDA:0,redirectTo
FNDA:0,access
DA:2,18
DA:5,0
DA:6,0
DA:7,0
DA:9,0
DA:16,0
DA:24,0
DA:25,0
LF:8
LH:1
BRDA:4,0,0,0
BRDA:6,1,0,0
BRDA:6,1,1,0
BRF:3
BRH:0
end_of_record
